********************************************************************************
product = WebSphere Application Server 19.0.0.5 (wlp-1.0.28.cl190520190522-2227)
wlp.install.dir = C:/Users/Toghrul Jabbarli/Videos/anagram/wlp/
java.home = C:\Program Files\Java\jdk1.8.0_221\jre
java.version = 1.8.0_221
java.runtime = Java(TM) SE Runtime Environment (1.8.0_221-b11)
os = Windows 10 (10.0; amd64) (en_US)
process = 11408@DESKTOP-B7KIDOS
********************************************************************************
[3/24/20 3:07:33:429 CET] 00000001 com.ibm.ws.kernel.launch.internal.FrameworkManager           A CWWKE0001I: The server defaultServer has been launched.
[3/24/20 3:07:33:460 CET] 00000001 com.ibm.ws.kernel.launch.internal.FrameworkManager           A CWWKE0100I: This product is licensed for development, and limited production use. The full license terms can be viewed here: https://public.dhe.ibm.com/ibmdl/export/pub/software/websphere/wasdev/license/base_ilan/ilan/19.0.0.5/lafiles/en.html
[3/24/20 3:07:34:723 CET] 00000001 com.ibm.ws.kernel.launch.internal.FrameworkManager           I CWWKE0002I: The kernel started after 6.037 seconds
[3/24/20 3:07:34:795 CET] 0000001c com.ibm.ws.kernel.feature.internal.FeatureManager            I CWWKF0007I: Feature update started.
[3/24/20 3:07:35:160 CET] 00000014 com.ibm.ws.security.ready.internal.SecurityReadyServiceImpl  I CWWKS0007I: The security service is starting...
[3/24/20 3:07:36:005 CET] 00000016 com.ibm.ws.ssl.config.WSKeyStore                             I CWPKI0819I: The default keystore is not created because a password is not configured on the <keyStore id="defaultKeyStore"/> element, and the 'keystore_password' environment variable is not set. 
[3/24/20 3:07:36:052 CET] 00000014 ibm.ws.security.authentication.internal.jaas.JAASServiceImpl I CWWKS1123I: The collective authentication plugin with class name NullCollectiveAuthenticationPlugin has been activated. 
[3/24/20 3:07:36:067 CET] 00000020 com.ibm.ws.security.token.ltpa.internal.LTPAKeyCreateTask    I CWWKS4105I: LTPA configuration is ready after 0.057 seconds.
[3/24/20 3:07:36:313 CET] 00000014 com.ibm.ws.app.manager.internal.monitor.DropinMonitor        A CWWKZ0058I: Monitoring dropins for applications.
[3/24/20 3:07:36:437 CET] 00000025 com.ibm.ws.tcpchannel.internal.TCPChannel                    I CWWKO0219I: TCP Channel defaultHttpEndpoint has been started and is now listening for requests on host 127.0.0.1  (IPv4: 127.0.0.1) port 9080.
[3/24/20 3:07:36:926 CET] 00000014 com.ibm.ws.cache.ServerCache                                 I DYNA1001I: WebSphere Dynamic Cache instance named baseCache initialized successfully.
[3/24/20 3:07:36:926 CET] 00000014 com.ibm.ws.cache.ServerCache                                 I DYNA1071I: The cache provider default is being used.
[3/24/20 3:07:36:926 CET] 00000014 com.ibm.ws.cache.CacheServiceImpl                            I DYNA1056I: Dynamic Cache (object cache) initialized successfully.
[3/24/20 3:07:42:089 CET] 00000025 com.ibm.ws.app.manager.AppMessageHelper                      I CWWKZ0018I: Starting application anagram.
[3/24/20 3:07:43:896 CET] 00000025 org.jboss.weld.Version                                       I WELD-000900: 2.4.8 (Final)
[3/24/20 3:07:46:651 CET] 00000025 com.ibm.ws.session.WASSessionCore                            I SESN8501I: The session manager did not find a persistent storage location; HttpSession objects will be stored in the local application server's memory.
[3/24/20 3:07:46:667 CET] 00000025 com.ibm.ws.webcontainer.osgi.webapp.WebGroup                 I SRVE0169I: Loading Web Module: Anagram.
[3/24/20 3:07:46:667 CET] 00000025 com.ibm.ws.webcontainer                                      I SRVE0250I: Web Module Anagram has been bound to default_host.
[3/24/20 3:07:46:671 CET] 00000025 com.ibm.ws.http.internal.VirtualHostImpl                     A CWWKT0016I: Web application available (default_host): http://localhost:9080/anagram/
[3/24/20 3:07:46:675 CET] 00000025 com.ibm.ws.app.manager.AppMessageHelper                      A CWWKZ0001I: Application anagram started in 4.586 seconds.
[3/24/20 3:07:46:691 CET] 0000003d com.ibm.ws.session.WASSessionCore                            I SESN0176I: A new session context will be created for application key default_host/anagram
[3/24/20 3:07:46:695 CET] 0000001c com.ibm.ws.kernel.feature.internal.FeatureManager            A CWWKF0012I: The server installed the following features: [appSecurity-2.0, beanValidation-1.1, cdi-1.2, concurrent-1.0, distributedMap-1.0, ejbLite-3.2, el-3.0, jaxrs-2.0, jaxrsClient-2.0, jdbc-4.1, jndi-1.0, jpa-2.1, jpaContainer-2.1, jsf-2.2, json-1.0, jsonp-1.0, jsp-2.3, localConnector-1.0, managedBeans-1.0, servlet-3.1, ssl-1.0, webProfile-7.0, websocket-1.1].
[3/24/20 3:07:46:699 CET] 0000001c com.ibm.ws.kernel.feature.internal.FeatureManager            I CWWKF0008I: Feature update completed in 11.972 seconds.
[3/24/20 3:07:46:699 CET] 0000001c com.ibm.ws.kernel.feature.internal.FeatureManager            A CWWKF0011I: The defaultServer server is ready to run a smarter planet. The defaultServer server started in 18.012 seconds.
[3/24/20 3:07:46:703 CET] 0000003d com.ibm.ws.util                                              I SESN0172I: The session manager is using the Java default SecureRandom implementation for session ID generation.
[3/24/20 3:07:46:823 CET] 0000003d com.ibm.ws.cache.CacheServiceImpl                            I DYNA1056I: Dynamic Cache (object cache) initialized successfully.
[3/24/20 3:07:46:831 CET] 0000003e com.ibm.ws.webcontainer.osgi.mbeans.PluginGenerator          I SRVE9103I: A configuration file for a web server plugin was automatically generated for this server at C:\Users\Toghrul Jabbarli\Videos\anagram\wlp\usr\servers\defaultServer\logs\state\plugin-cfg.xml.
[3/24/20 3:07:46:999 CET] 0000003d .jaxrs20.cdi.component.JaxRsFactoryImplicitBeanCDICustomizer W CWWKW1002W: The CDI scope of JAXRS-2.0 Provider JsonArrayWriter is javax.enterprise.context.Dependent. Liberty gets the provider instance from CDI.
[3/24/20 3:07:46:999 CET] 0000003d .jaxrs20.cdi.component.JaxRsFactoryImplicitBeanCDICustomizer W CWWKW1002W: The CDI scope of JAXRS-2.0 Provider JsonObjectReader is javax.enterprise.context.Dependent. Liberty gets the provider instance from CDI.
[3/24/20 3:07:46:999 CET] 0000003d .jaxrs20.cdi.component.JaxRsFactoryImplicitBeanCDICustomizer W CWWKW1002W: The CDI scope of JAXRS-2.0 Provider JsonArrayReader is javax.enterprise.context.Dependent. Liberty gets the provider instance from CDI.
[3/24/20 3:07:46:999 CET] 0000003d .jaxrs20.cdi.component.JaxRsFactoryImplicitBeanCDICustomizer W CWWKW1002W: The CDI scope of JAXRS-2.0 Provider JsonObjectWriter is javax.enterprise.context.Dependent. Liberty gets the provider instance from CDI.
[3/24/20 3:07:47:055 CET] 0000003d .ibm.ws.jaxrs.2.0.common:1.0.28.cl190520190522-2227(id=184)] I Setting the server's publish address to be /api/
[3/24/20 3:07:47:403 CET] 0000003d com.ibm.ws.webcontainer.servlet                              I SRVE0242I: [anagram] [/anagram] [javax.ws.rs.core.Application]: Initialization successful.
[3/24/20 3:07:54:469 CET] 0000003f org.apache.cxf.jaxrs.utils.JAXRSUtils                        W No operation matching request path "/anagram/api/findanagram" is found, Relative Path: /findanagram, HTTP Method: GET, ContentType: */*, Accept: text/html,application/xhtml+xml,image/webp,image/apng,application/xml;q=0.9,application/signed-exchange;q=0.9;v=b3,*/*;q=0.8,. Please enable FINE/TRACE log level for more details.
[3/24/20 3:09:21:613 CET] 0000003f org.apache.cxf.jaxrs.utils.JAXRSUtils                        W No operation matching request path "/anagram/api/print" is found, Relative Path: /print, HTTP Method: GET, ContentType: */*, Accept: text/html,application/xhtml+xml,image/webp,image/apng,application/xml;q=0.9,application/signed-exchange;q=0.9;v=b3,*/*;q=0.8,. Please enable FINE/TRACE log level for more details.
[3/24/20 3:09:33:968 CET] 00000042 org.apache.cxf.jaxrs.utils.JAXRSUtils                        W No operation matching request path "/anagram/api/print" is found, Relative Path: /print, HTTP Method: GET, ContentType: */*, Accept: text/html,application/xhtml+xml,image/webp,image/apng,application/xml;q=0.9,application/signed-exchange;q=0.9;v=b3,*/*;q=0.8,. Please enable FINE/TRACE log level for more details.
[3/24/20 3:09:38:839 CET] 00000042 org.apache.cxf.jaxrs.utils.JAXRSUtils                        W No operation matching request path "/anagram/api" is found, Relative Path: /, HTTP Method: GET, ContentType: */*, Accept: text/html,application/xhtml+xml,image/webp,image/apng,application/xml;q=0.9,application/signed-exchange;q=0.9;v=b3,*/*;q=0.8,. Please enable FINE/TRACE log level for more details.
[3/24/20 3:11:07:396 CET] 00000022 org.apache.cxf.jaxrs.utils.JAXRSUtils                        W No operation matching request path "/anagram/api" is found, Relative Path: /, HTTP Method: GET, ContentType: */*, Accept: text/html,application/xhtml+xml,image/webp,image/apng,application/xml;q=0.9,application/signed-exchange;q=0.9;v=b3,*/*;q=0.8,. Please enable FINE/TRACE log level for more details.
[3/24/20 3:11:53:216 CET] 00000012 com.ibm.ws.kernel.launch.internal.ServerCommandListener      A CWWKE0055I: Server shutdown requested on Tuesday, March 24, 2020 at 3:11 AM. The server defaultServer is shutting down.
[3/24/20 3:11:53:220 CET] 00000056 com.ibm.ws.runtime.update.internal.RuntimeUpdateManagerImpl  A CWWKE1100I: Waiting for up to 30 seconds for the server to quiesce.
[3/24/20 3:11:53:226 CET] 0000001f com.ibm.ws.tcpchannel.internal.TCPChannel                    I CWWKO0220I: TCP Channel defaultHttpEndpoint has stopped listening for requests on host 127.0.0.1  (IPv4: 127.0.0.1) port 9080.
[3/24/20 3:11:53:230 CET] 0000001f com.ibm.ws.http.internal.VirtualHostImpl                     A CWWKT0017I: Web application removed (default_host): http://localhost:9080/anagram/
[3/24/20 3:11:54:231 CET] 00000056 com.ibm.ws.runtime.update.internal.RuntimeUpdateManagerImpl  I CWWKE1101I: Server quiesce complete.
[3/24/20 3:11:54:267 CET] 00000059 com.ibm.ws.webcontainer.servlet                              I SRVE0253I: [anagram] [/anagram] [javax.ws.rs.core.Application]: Destroy successful.
[3/24/20 3:11:54:283 CET] 00000059 com.ibm.ws.app.manager.AppMessageHelper                      A CWWKZ0009I: The application anagram has stopped successfully.
[3/24/20 3:11:54:370 CET] 00000056 com.ibm.ws.security.ready.internal.SecurityReadyServiceImpl  I CWWKS0009I: The security service has stopped.
[3/24/20 3:11:54:386 CET] 00000056 ibm.ws.security.authentication.internal.jaas.JAASServiceImpl I CWWKS1124I: The collective authentication plugin with class name NullCollectiveAuthenticationPlugin has been deactivated. 
[3/24/20 3:11:54:805 CET] 00000001 com.ibm.ws.kernel.launch.internal.FrameworkManager           A CWWKE0036I: The server defaultServer stopped after 4 minutes, 26.12 seconds.
