********************************************************************************
product = WebSphere Application Server 19.0.0.5 (wlp-1.0.28.cl190520190522-2227)
wlp.install.dir = C:/Users/Toghrul Jabbarli/Videos/anagram/wlp/
java.home = C:\Program Files\Java\jdk1.8.0_221\jre
java.version = 1.8.0_221
java.runtime = Java(TM) SE Runtime Environment (1.8.0_221-b11)
os = Windows 10 (10.0; amd64) (en_US)
process = 11124@DESKTOP-B7KIDOS
********************************************************************************
[3/24/20 3:12:06:685 CET] 00000001 com.ibm.ws.kernel.launch.internal.FrameworkManager           A CWWKE0001I: The server defaultServer has been launched.
[3/24/20 3:12:06:754 CET] 00000001 com.ibm.ws.kernel.launch.internal.FrameworkManager           A CWWKE0100I: This product is licensed for development, and limited production use. The full license terms can be viewed here: https://public.dhe.ibm.com/ibmdl/export/pub/software/websphere/wasdev/license/base_ilan/ilan/19.0.0.5/lafiles/en.html
[3/24/20 3:12:08:205 CET] 00000001 com.ibm.ws.kernel.launch.internal.FrameworkManager           I CWWKE0002I: The kernel started after 6.242 seconds
[3/24/20 3:12:08:273 CET] 0000001c com.ibm.ws.kernel.feature.internal.FeatureManager            I CWWKF0007I: Feature update started.
[3/24/20 3:12:08:621 CET] 00000014 com.ibm.ws.security.ready.internal.SecurityReadyServiceImpl  I CWWKS0007I: The security service is starting...
[3/24/20 3:12:09:431 CET] 00000016 com.ibm.ws.ssl.config.WSKeyStore                             I CWPKI0819I: The default keystore is not created because a password is not configured on the <keyStore id="defaultKeyStore"/> element, and the 'keystore_password' environment variable is not set. 
[3/24/20 3:12:09:471 CET] 00000014 ibm.ws.security.authentication.internal.jaas.JAASServiceImpl I CWWKS1123I: The collective authentication plugin with class name NullCollectiveAuthenticationPlugin has been activated. 
[3/24/20 3:12:09:503 CET] 00000020 com.ibm.ws.security.token.ltpa.internal.LTPAKeyCreateTask    I CWWKS4105I: LTPA configuration is ready after 0.059 seconds.
[3/24/20 3:12:09:715 CET] 00000014 com.ibm.ws.app.manager.internal.monitor.DropinMonitor        A CWWKZ0058I: Monitoring dropins for applications.
[3/24/20 3:12:09:863 CET] 00000025 com.ibm.ws.tcpchannel.internal.TCPChannel                    I CWWKO0219I: TCP Channel defaultHttpEndpoint has been started and is now listening for requests on host 127.0.0.1  (IPv4: 127.0.0.1) port 9080.
[3/24/20 3:12:10:331 CET] 00000014 com.ibm.ws.cache.ServerCache                                 I DYNA1001I: WebSphere Dynamic Cache instance named baseCache initialized successfully.
[3/24/20 3:12:10:331 CET] 00000014 com.ibm.ws.cache.ServerCache                                 I DYNA1071I: The cache provider default is being used.
[3/24/20 3:12:10:335 CET] 00000014 com.ibm.ws.cache.CacheServiceImpl                            I DYNA1056I: Dynamic Cache (object cache) initialized successfully.
[3/24/20 3:12:15:575 CET] 00000025 com.ibm.ws.app.manager.AppMessageHelper                      I CWWKZ0018I: Starting application anagram.
[3/24/20 3:12:17:425 CET] 00000025 org.jboss.weld.Version                                       I WELD-000900: 2.4.8 (Final)
[3/24/20 3:12:20:039 CET] 00000025 com.ibm.ws.session.WASSessionCore                            I SESN8501I: The session manager did not find a persistent storage location; HttpSession objects will be stored in the local application server's memory.
[3/24/20 3:12:20:051 CET] 00000025 com.ibm.ws.webcontainer.osgi.webapp.WebGroup                 I SRVE0169I: Loading Web Module: Anagram.
[3/24/20 3:12:20:055 CET] 00000025 com.ibm.ws.webcontainer                                      I SRVE0250I: Web Module Anagram has been bound to default_host.
[3/24/20 3:12:20:055 CET] 00000025 com.ibm.ws.http.internal.VirtualHostImpl                     A CWWKT0016I: Web application available (default_host): http://localhost:9080/anagram/
[3/24/20 3:12:20:059 CET] 00000025 com.ibm.ws.app.manager.AppMessageHelper                      A CWWKZ0001I: Application anagram started in 4.484 seconds.
[3/24/20 3:12:20:075 CET] 0000001f com.ibm.ws.session.WASSessionCore                            I SESN0176I: A new session context will be created for application key default_host/anagram
[3/24/20 3:12:20:079 CET] 0000001c com.ibm.ws.kernel.feature.internal.FeatureManager            A CWWKF0012I: The server installed the following features: [appSecurity-2.0, beanValidation-1.1, cdi-1.2, concurrent-1.0, distributedMap-1.0, ejbLite-3.2, el-3.0, jaxrs-2.0, jaxrsClient-2.0, jdbc-4.1, jndi-1.0, jpa-2.1, jpaContainer-2.1, jsf-2.2, json-1.0, jsonp-1.0, jsp-2.3, localConnector-1.0, managedBeans-1.0, servlet-3.1, ssl-1.0, webProfile-7.0, websocket-1.1].
[3/24/20 3:12:20:079 CET] 0000001c com.ibm.ws.kernel.feature.internal.FeatureManager            I CWWKF0008I: Feature update completed in 11.875 seconds.
[3/24/20 3:12:20:079 CET] 0000001c com.ibm.ws.kernel.feature.internal.FeatureManager            A CWWKF0011I: The defaultServer server is ready to run a smarter planet. The defaultServer server started in 18.120 seconds.
[3/24/20 3:12:20:087 CET] 0000001f com.ibm.ws.util                                              I SESN0172I: The session manager is using the Java default SecureRandom implementation for session ID generation.
[3/24/20 3:12:20:202 CET] 0000001f com.ibm.ws.cache.CacheServiceImpl                            I DYNA1056I: Dynamic Cache (object cache) initialized successfully.
[3/24/20 3:12:20:239 CET] 00000032 com.ibm.ws.webcontainer.osgi.mbeans.PluginGenerator          I SRVE9103I: A configuration file for a web server plugin was automatically generated for this server at C:\Users\Toghrul Jabbarli\Videos\anagram\wlp\usr\servers\defaultServer\logs\state\plugin-cfg.xml.
[3/24/20 3:12:20:471 CET] 0000001f .jaxrs20.cdi.component.JaxRsFactoryImplicitBeanCDICustomizer W CWWKW1002W: The CDI scope of JAXRS-2.0 Provider JsonObjectReader is javax.enterprise.context.Dependent. Liberty gets the provider instance from CDI.
[3/24/20 3:12:20:471 CET] 0000001f .jaxrs20.cdi.component.JaxRsFactoryImplicitBeanCDICustomizer W CWWKW1002W: The CDI scope of JAXRS-2.0 Provider JsonArrayWriter is javax.enterprise.context.Dependent. Liberty gets the provider instance from CDI.
[3/24/20 3:12:20:471 CET] 0000001f .jaxrs20.cdi.component.JaxRsFactoryImplicitBeanCDICustomizer W CWWKW1002W: The CDI scope of JAXRS-2.0 Provider JsonArrayReader is javax.enterprise.context.Dependent. Liberty gets the provider instance from CDI.
[3/24/20 3:12:20:471 CET] 0000001f .jaxrs20.cdi.component.JaxRsFactoryImplicitBeanCDICustomizer W CWWKW1002W: The CDI scope of JAXRS-2.0 Provider JsonObjectWriter is javax.enterprise.context.Dependent. Liberty gets the provider instance from CDI.
[3/24/20 3:12:20:540 CET] 0000001f .ibm.ws.jaxrs.2.0.common:1.0.28.cl190520190522-2227(id=184)] I Setting the server's publish address to be /api/
[3/24/20 3:12:20:872 CET] 0000001f com.ibm.ws.webcontainer.servlet                              I SRVE0242I: [anagram] [/anagram] [javax.ws.rs.core.Application]: Initialization successful.
[3/24/20 3:12:44:568 CET] 0000002c org.apache.cxf.jaxrs.utils.JAXRSUtils                        W No operation matching request path "/anagram/api/findPermut" is found, Relative Path: /findPermut, HTTP Method: GET, ContentType: */*, Accept: text/html,application/xhtml+xml,image/webp,image/apng,application/xml;q=0.9,application/signed-exchange;q=0.9;v=b3,*/*;q=0.8,. Please enable FINE/TRACE log level for more details.
[3/24/20 3:12:53:925 CET] 00000020 org.apache.cxf.jaxrs.utils.JAXRSUtils                        W No operation matching request path "/anagram/api/findPermut" is found, Relative Path: /findPermut, HTTP Method: GET, ContentType: */*, Accept: text/html,application/xhtml+xml,image/webp,image/apng,application/xml;q=0.9,application/signed-exchange;q=0.9;v=b3,*/*;q=0.8,. Please enable FINE/TRACE log level for more details.
[3/24/20 3:12:55:499 CET] 0000001f org.apache.cxf.jaxrs.utils.JAXRSUtils                        W No operation matching request path "/anagram/api/findPermut" is found, Relative Path: /findPermut, HTTP Method: GET, ContentType: */*, Accept: text/html,application/xhtml+xml,image/webp,image/apng,application/xml;q=0.9,application/signed-exchange;q=0.9;v=b3,*/*;q=0.8,. Please enable FINE/TRACE log level for more details.
[3/24/20 3:12:57:170 CET] 00000041 org.apache.cxf.jaxrs.utils.JAXRSUtils                        W No operation matching request path "/anagram/api/findPermut" is found, Relative Path: /findPermut, HTTP Method: GET, ContentType: */*, Accept: text/html,application/xhtml+xml,image/webp,image/apng,application/xml;q=0.9,application/signed-exchange;q=0.9;v=b3,*/*;q=0.8,. Please enable FINE/TRACE log level for more details.
[3/24/20 3:13:08:611 CET] 0000002a org.apache.cxf.jaxrs.utils.JAXRSUtils                        W No operation matching request path "/anagram/api/findPermut" is found, Relative Path: /findPermut, HTTP Method: GET, ContentType: */*, Accept: text/html,application/xhtml+xml,image/webp,image/apng,application/xml;q=0.9,application/signed-exchange;q=0.9;v=b3,*/*;q=0.8,. Please enable FINE/TRACE log level for more details.
[3/24/20 3:14:14:877 CET] 0000003f org.apache.cxf.jaxrs.utils.JAXRSUtils                        W No operation matching request path "/anagram/api" is found, Relative Path: /, HTTP Method: GET, ContentType: */*, Accept: text/html,application/xhtml+xml,image/webp,image/apng,application/xml;q=0.9,application/signed-exchange;q=0.9;v=b3,*/*;q=0.8,. Please enable FINE/TRACE log level for more details.
[3/24/20 3:14:30:961 CET] 00000031 org.apache.cxf.jaxrs.utils.JAXRSUtils                        W No operation matching request path "/anagram/api/findPermut" is found, Relative Path: /findPermut, HTTP Method: GET, ContentType: */*, Accept: text/html,application/xhtml+xml,image/webp,image/apng,application/xml;q=0.9,application/signed-exchange;q=0.9;v=b3,*/*;q=0.8,. Please enable FINE/TRACE log level for more details.
[3/24/20 3:20:55:494 CET] 0000003f org.apache.cxf.jaxrs.utils.JAXRSUtils                        W No operation matching request path "/anagram/api/findPermut" is found, Relative Path: /findPermut, HTTP Method: GET, ContentType: */*, Accept: text/html,application/xhtml+xml,image/webp,image/apng,application/xml;q=0.9,application/signed-exchange;q=0.9;v=b3,*/*;q=0.8,. Please enable FINE/TRACE log level for more details.
