------Start of DE processing------ = [3/23/20 12:44:19:903 CET]
Exception = java.lang.NullPointerException
Source = com.ibm.ws.webcontainer.servlet.ServletWrapper.init
probeid = 181
Stack Dump = java.lang.NullPointerException
	at com.ibm.ws.webcontainer.servlet.ServletWrapper.init(ServletWrapper.java:297)
	at com.ibm.ws.webcontainer.servlet.ServletWrapper.loadOnStartupCheck(ServletWrapper.java:1398)
	at com.ibm.ws.webcontainer.webapp.WebApp.doLoadOnStartupActions(WebApp.java:1152)
	at com.ibm.ws.webcontainer.webapp.WebApp.commonInitializationFinally(WebApp.java:1120)
	at com.ibm.ws.webcontainer.webapp.WebApp.initialize(WebApp.java:1021)
	at com.ibm.ws.webcontainer.webapp.WebApp.initialize(WebApp.java:6601)
	at com.ibm.ws.webcontainer.osgi.DynamicVirtualHost.startWebApp(DynamicVirtualHost.java:467)
	at com.ibm.ws.webcontainer.osgi.DynamicVirtualHost.startWebApplication(DynamicVirtualHost.java:462)
	at com.ibm.ws.webcontainer.osgi.WebContainer.startWebApplication(WebContainer.java:1144)
	at com.ibm.ws.webcontainer.osgi.WebContainer.access$000(WebContainer.java:111)
	at com.ibm.ws.webcontainer.osgi.WebContainer$3.run(WebContainer.java:956)
	at com.ibm.ws.threading.internal.ExecutorServiceImpl$RunnableWrapper.run(ExecutorServiceImpl.java:239)
	at java.util.concurrent.Executors$RunnableAdapter.call(Executors.java:511)
	at java.util.concurrent.FutureTask.run(FutureTask.java:266)
	at java.util.concurrent.ThreadPoolExecutor.runWorker(ThreadPoolExecutor.java:1149)
	at java.util.concurrent.ThreadPoolExecutor$Worker.run(ThreadPoolExecutor.java:624)
	at java.lang.Thread.run(Thread.java:748)

Dump of callerThis
Object type = com.ibm.ws.webcontainer.osgi.servlet.ServletWrapper
  serialVersionUID = 1
  _mo = null
  serialVersionUID = -4479626085298397598
  notifyInvocationListeners = false
  UNINITIALIZED_STATE = -1
  AVAILABLE_STATE = 0
  UNAVAILABLE_STATE = 1
  UNAVAILABLE_PERMANENTLY_STATE = 2
  collabHelper = class com.ibm.ws.webcontainer.osgi.collaborator.CollaboratorHelperImpl@5a858003
    webAppInvCollabs = class java.util.Collections$UnmodifiableSet@4df54753
      serialVersionUID = -9215047833775013803
      serialVersionUID = 1820017752578914078
      c = class java.util.concurrent.CopyOnWriteArraySet@42da6bd1
    securityDomainForApp = null
    logger = class com.ibm.ws.logging.internal.WsLogger@7863961a
      tc = class com.ibm.websphere.ras.TraceComponent@19815712
      ivCachedResourceBundleName = null
      ivCachedResourceBundle = null
      ivComponent = null
      ivOrganization = null
      ivProduct = null
      ivMinimumLocalizationLevelIntValue = 625
      ivTC = class com.ibm.websphere.ras.TraceComponent@19922ad1
      loggerRegistrationComponent = class java.lang.ThreadLocal@49161b35
      emptyHandlers = class java.util.logging.Handler[0]
      offValue = 2147483647
      SYSTEM_LOGGER_RB_NAME = "sun.util.logging.resources.logging"
      SYSTEM_BUNDLE = class java.util.logging.Logger$LoggerBundle@62096f55
      NO_RESOURCE_BUNDLE = class java.util.logging.Logger$LoggerBundle@471e6e70
      manager = class com.ibm.ws.kernel.boot.logging.WsLogManager@1d78466e
      name = "com.ibm.ws.webcontainer.collaborator"
      handlers = class java.util.concurrent.CopyOnWriteArrayList@391e0d1b
      loggerBundle = class java.util.logging.Logger$LoggerBundle@418c629
      useParentHandlers = true
      filter = null
      anonymous = false
      catalog = class com.ibm.ws.webcontainer.resources.Messages@61b84f1
      catalogName = "com.ibm.ws.webcontainer.resources.Messages"
      catalogLocale = class java.util.Locale@79cd1b60
      treeLock = class java.lang.Object@26d97901
      parent = class com.ibm.ws.logging.internal.WsLogger@33c8f88c
      kids = null
      levelObject = class java.util.logging.Level@5a3f8158
      levelValue = 800
      callersClassLoaderRef = class java.lang.ref.WeakReference@1343b8a
      isSystemLogger = false
      GLOBAL_LOGGER_NAME = "global"
      global = class java.util.logging.Logger@742f10e1
      $assertionsDisabled = true
    staticDefaultSecurityCollaborator = class com.ibm.ws.webcontainer.collaborator.WebAppSecurityCollaborator@445f3d2c
    logger = class com.ibm.ws.logging.internal.WsLogger@6fac797b
      tc = class com.ibm.websphere.ras.TraceComponent@19815712
      ivCachedResourceBundleName = null
      ivCachedResourceBundle = null
      ivComponent = null
      ivOrganization = null
      ivProduct = null
      ivMinimumLocalizationLevelIntValue = 625
      ivTC = class com.ibm.websphere.ras.TraceComponent@abfa1cd
      loggerRegistrationComponent = class java.lang.ThreadLocal@49161b35
      emptyHandlers = class java.util.logging.Handler[0]
      offValue = 2147483647
      SYSTEM_LOGGER_RB_NAME = "sun.util.logging.resources.logging"
      SYSTEM_BUNDLE = class java.util.logging.Logger$LoggerBundle@62096f55
      NO_RESOURCE_BUNDLE = class java.util.logging.Logger$LoggerBundle@471e6e70
      manager = class com.ibm.ws.kernel.boot.logging.WsLogManager@1d78466e
      name = "com.ibm.wsspi.webcontainer.collaborator"
      handlers = class java.util.concurrent.CopyOnWriteArrayList@38eb2666
      loggerBundle = class java.util.logging.Logger$LoggerBundle@156c31b
      useParentHandlers = true
      filter = null
      anonymous = false
      catalog = class com.ibm.ws.webcontainer.resources.Messages@61b84f1
      catalogName = "com.ibm.ws.webcontainer.resources.Messages"
      catalogLocale = class java.util.Locale@79cd1b60
      treeLock = class java.lang.Object@26d97901
      parent = class java.util.logging.Logger@aed68f7
      kids = null
      levelObject = class java.util.logging.Level@5a3f8158
      levelValue = 800
      callersClassLoaderRef = class java.lang.ref.WeakReference@18e56a10
      isSystemLogger = false
      GLOBAL_LOGGER_NAME = "global"
      global = class java.util.logging.Logger@742f10e1
      $assertionsDisabled = true
    CLASS_NAME = "com.ibm.wsspi.webcontainer.collaborator.CollaboratorHelper"
    webApp = class com.ibm.ws.webcontainer31.osgi.webapp.WebApp31@1348b01f
    securityCollaborator = class com.ibm.ws.webcontainer.security.WebAppSecurityCollaboratorImpl@b1bf1d2
      tc = class com.ibm.websphere.ras.TraceComponent@4479c405
      KEY_ID = "id"
      KEY_SERVICE_ID = "service.id"
      KEY_COMPONENT_NAME = "component.name"
      KEY_SECURITY_SERVICE = "securityService"
      KEY_TAI_SERVICE = "taiService"
      KEY_INTERCEPTOR_SERVICE = "interceptorService"
      KEY_JACC_SERVICE = "jaccService"
      JASPI_SERVICE_COMPONENT_NAME = "com.ibm.ws.security.jaspi"
      KEY_WEB_AUTHENTICATOR = "webAuthenticator"
      KEY_UNPROTECTED_RESOURCE_SERVICE = "unprotectedResourceService"
      KEY_CONFIG_CHANGE_LISTENER = "webAppSecurityConfigChangeListener"
      DELEGATION_USERS_LIST = "DELEGATION_USERS_LIST"
      webAuthenticatorRef = class com.ibm.wsspi.kernel.service.utils.ConcurrentServiceReferenceMap@547dfb7e
      unprotectedResourceServiceRef = class com.ibm.wsspi.kernel.service.utils.ConcurrentServiceReferenceMap@7f02d04f
      taiServiceRef = class com.ibm.wsspi.kernel.service.utils.AtomicServiceReference@48efa533
      interceptorServiceRef = class com.ibm.wsspi.kernel.service.utils.ConcurrentServiceReferenceMap@242f6716
      securityServiceRef = class com.ibm.wsspi.kernel.service.utils.AtomicServiceReference@1fb2dee6
      jaccServiceRef = class com.ibm.wsspi.kernel.service.utils.AtomicServiceReference@765be5f7
      webAppSecurityConfigchangeListenerRef = class com.ibm.wsspi.kernel.service.utils.ConcurrentServiceReferenceSet@43a80032
      KEY_LOCATION_ADMIN = "locationAdmin"
      locationAdminRef = class com.ibm.wsspi.kernel.service.utils.AtomicServiceReference@1c60d886
      PERMIT_REPLY = class com.ibm.ws.webcontainer.security.internal.PermitReply@152c7002
      DENY_AUTHZ_FAILED = class com.ibm.ws.webcontainer.security.internal.DenyReply@3c715b0d
      AUTH_TYPE = "AUTH_TYPE"
      SECURITY_CONTEXT = "SECURITY_CONTEXT"
      ALL_AUTHENTICATED_ROLE = "**"
      STARSTAR_ROLE = "_starstar_"
      globalConfig = class com.ibm.ws.webcontainer.security.internal.extended.WebAppSecurityConfigImplExtended@3f5b6521
      currentProps = class java.util.HashMap@25e53ea4
      authenticatorFactory = class com.ibm.ws.webcontainer.security.internal.extended.WebAuthenticatorFactoryImplExtended@533fe67a
      webAppSecConfig = class com.ibm.ws.webcontainer.security.internal.extended.WebAppSecurityConfigImplExtended@3f5b6521
      authenticateApi = class com.ibm.ws.webcontainer.security.extended.AuthenticateApiExtended@65206623
      postParameterHelper = class com.ibm.ws.webcontainer.security.PostParameterHelper@13675cb
      collabUtils = class com.ibm.ws.security.collaborator.CollaboratorUtils@daa7b57
      subjectHelper = class com.ibm.ws.security.authentication.utility.SubjectHelper@218a50ae
      subjectManager = class com.ibm.ws.security.context.SubjectManager@47fd2bc2
      httpsRedirectHandler = class com.ibm.ws.webcontainer.security.internal.HTTPSRedirectHandler@75d786db
      auditManager = class com.ibm.websphere.security.audit.context.AuditManager@2b793bf5
      extraAuditData = class java.util.HashMap@58850114
      authenticatorProxy = class com.ibm.ws.webcontainer.security.extended.WebAuthenticatorProxyExtended@760892fd
      providerAuthenticatorProxy = class com.ibm.ws.webcontainer.security.extended.WebProviderAuthenticatorProxyExtended@3f2023b9
      unauthenticatedSubjectService = class com.ibm.ws.security.authentication.internal.UnauthenticatedSubjectServiceImpl@5de4013b
      wasch = class com.ibm.ws.webcontainer.security.WebAppSecurityCollaboratorImpl@b1bf1d2
      provisionerService = class com.ibm.ws.kernel.feature.internal.FeatureManager@2d193632
      isJaspiEnabled = false
      savedSubject = null
      isActive = true
      serialVersionUID = 7947162030869026192
    nameSpaceCollaborator = class com.ibm.ws.webcontainer.osgi.collaborator.WebAppNameSpaceCollaboratorImpl@2f6de049
    transactionCollaborator = class com.ibm.ws.transaction.services.WebAppTransactionCollaboratorImpl@9c49a90
    connectionCollaborator = class com.ibm.ws.webcontainer.collaborator.ConnectionCollaborator@1e58d6cf
    allCollabEnum = class java.util.RegularEnumSet@36900bc0
      serialVersionUID = 3411599620347842686
      elements = 511
      elementType = class java.lang.Class@3a8a0f79
      universe = class com.ibm.wsspi.webcontainer.collaborator.CollaboratorInvocationEnum[9]
      ZERO_LENGTH_ENUM_ARRAY = class java.lang.Enum[0]
      MAX_ARRAY_SIZE = 2147483639
    servlet_23_or_greater = true
    DEFER_SERVLET_REQUEST_LISTENER_DESTROY_ON_ERROR = false
  nServicing = class java.util.concurrent.atomic.AtomicInteger@67477ff6
    serialVersionUID = 6214790243416807050
    unsafe = class sun.misc.Unsafe@384f12ca
      theUnsafe = class sun.misc.Unsafe@384f12ca
      INVALID_FIELD_OFFSET = -1
      ARRAY_BOOLEAN_BASE_OFFSET = 16
      ARRAY_BYTE_BASE_OFFSET = 16
      ARRAY_SHORT_BASE_OFFSET = 16
      ARRAY_CHAR_BASE_OFFSET = 16
      ARRAY_INT_BASE_OFFSET = 16
      ARRAY_LONG_BASE_OFFSET = 16
      ARRAY_FLOAT_BASE_OFFSET = 16
      ARRAY_DOUBLE_BASE_OFFSET = 16
      ARRAY_OBJECT_BASE_OFFSET = 16
      ARRAY_BOOLEAN_INDEX_SCALE = 1
      ARRAY_BYTE_INDEX_SCALE = 1
      ARRAY_SHORT_INDEX_SCALE = 2
      ARRAY_CHAR_INDEX_SCALE = 2
      ARRAY_INT_INDEX_SCALE = 4
      ARRAY_LONG_INDEX_SCALE = 8
      ARRAY_FLOAT_INDEX_SCALE = 4
      ARRAY_DOUBLE_INDEX_SCALE = 8
      ARRAY_OBJECT_INDEX_SCALE = 4
      ADDRESS_SIZE = 8
    valueOffset = 12
    value = 0
    serialVersionUID = -8742448824652078965
  lastAccessTime = 1584963859741
  state = -1
  logger = class com.ibm.ws.logging.internal.WsLogger@3cd62589
    tc = class com.ibm.websphere.ras.TraceComponent@19815712
      strings[0] = "TraceComponent[com.ibm.ws.logging.internal.WsLogger,class com.ibm.ws.logging.internal.WsLogger,[logging],com.ibm.ws.logging.internal.resources.LoggingMessages,null]"
    ivCachedResourceBundleName = "com.ibm.ws.webcontainer.resources.Messages"
    ivCachedResourceBundle = class com.ibm.ws.webcontainer.resources.Messages@61b84f1
      resources = class [Ljava.lang.Object;[334]
      lookup = class java.util.HashMap@146f61d
      INITIAL_CACHE_SIZE = 32
      NONEXISTENT_BUNDLE = class java.util.ResourceBundle$1@1ee6c3
      cacheList = class java.util.concurrent.ConcurrentHashMap@280c4424
      referenceQueue = class java.lang.ref.ReferenceQueue@64ab349d
      parent = null
      locale = class java.util.Locale@4d7f1b8c
      name = "com.ibm.ws.webcontainer.resources.Messages"
      expired = false
      cacheKey = class java.util.ResourceBundle$CacheKey@577e6348
      keySet = null
      providers = null
      $assertionsDisabled = true
    ivComponent = null
    ivOrganization = null
    ivProduct = null
    ivMinimumLocalizationLevelIntValue = 625
    ivTC = class com.ibm.websphere.ras.TraceComponent@63eca489
      strings[0] = "TraceComponent[com.ibm.ws.webcontainer.servlet,class com.ibm.wsspi.webcontainer.logging.LoggerFactory$1,[com.ibm.ws.webcontainer.servlet],null,null]"
    loggerRegistrationComponent = class java.lang.ThreadLocal@49161b35
      threadLocalHashCode = -1366260430
      nextHashCode = class java.util.concurrent.atomic.AtomicInteger@f9aba25
      HASH_INCREMENT = 1640531527
    emptyHandlers = class java.util.logging.Handler[0]
    offValue = 2147483647
    SYSTEM_LOGGER_RB_NAME = "sun.util.logging.resources.logging"
    SYSTEM_BUNDLE = class java.util.logging.Logger$LoggerBundle@62096f55
      resourceBundleName = "sun.util.logging.resources.logging"
      userBundle = null
    NO_RESOURCE_BUNDLE = class java.util.logging.Logger$LoggerBundle@471e6e70
      resourceBundleName = null
      userBundle = null
    manager = class com.ibm.ws.kernel.boot.logging.WsLogManager@1d78466e
      CLASS_NAME = "com.ibm.ws.kernel.boot.logging.WsLogManager"
      CONFIGURE_BY_SERVER_PROPERTY_NAME = "java.util.logging.configureByServer"
      CONFIGURE_BY_LOGGING_PROPERTIES_FILE = "java.util.logging.configureByLoggingPropertiesFile"
      configureByServer = true
      configureByLoggingProperties = false
      wsLogger = class java.lang.reflect.Constructor@304fe04e
      resetEnabled = true
      svBinaryLoggingEnable = false
      manager = class com.ibm.ws.kernel.boot.logging.WsLogManager@1d78466e
      props = class java.util.Properties@701bffd5
      defaultLevel = class java.util.logging.Level@5a3f8158
      listenerMap = class java.util.HashMap@5c6ef786
      systemContext = class java.util.logging.LogManager$SystemLoggerContext@136c21d5
      userContext = class java.util.logging.LogManager$LoggerContext@20197fea
      rootLogger = class java.util.logging.LogManager$RootLogger@f53d96b
      readPrimordialConfiguration = true
      initializedGlobalHandlers = true
      deathImminent = false
      initializedCalled = true
      initializationDone = true
      contextsMap = null
      loggerRefQueue = class java.lang.ref.ReferenceQueue@24aacdc0
      MAX_ITERATIONS = 400
      controlPermission = class java.util.logging.LoggingPermission@56ba2209
      loggingMXBean = null
      LOGGING_MXBEAN_NAME = "java.util.logging:type=Logging"
      $assertionsDisabled = true
    name = "com.ibm.ws.webcontainer.servlet"
    handlers = class java.util.concurrent.CopyOnWriteArrayList@64ce2947
      serialVersionUID = 8673264195747942595
      lock = class java.util.concurrent.locks.ReentrantLock@1bcd74bb
      array = class java.lang.Object[0]
      UNSAFE = class sun.misc.Unsafe@384f12ca
      lockOffset = 12
    loggerBundle = class java.util.logging.Logger$LoggerBundle@4d94814c
      resourceBundleName = "com.ibm.ws.webcontainer.resources.Messages"
      userBundle = null
    useParentHandlers = true
    filter = null
    anonymous = false
    catalog = class com.ibm.ws.webcontainer.resources.Messages@61b84f1
    catalogName = "com.ibm.ws.webcontainer.resources.Messages"
    catalogLocale = class java.util.Locale@79cd1b60
      LOCALECACHE = class java.util.Locale$Cache@4a993f5e
      ENGLISH = class java.util.Locale@2b121de2
      FRENCH = class java.util.Locale@47620fa3
      GERMAN = class java.util.Locale@bbe945f
      ITALIAN = class java.util.Locale@85e29b9
      JAPANESE = class java.util.Locale@3318d85d
      KOREAN = class java.util.Locale@64d0c68a
      CHINESE = class java.util.Locale@1bb3ba23
      SIMPLIFIED_CHINESE = class java.util.Locale@62594b0d
      TRADITIONAL_CHINESE = class java.util.Locale@17f6bd2b
      FRANCE = class java.util.Locale@75f0ddc9
      GERMANY = class java.util.Locale@731413f6
      ITALY = class java.util.Locale@5b3d2fba
      JAPAN = class java.util.Locale@7900ce13
      KOREA = class java.util.Locale@aed5a6f
      CHINA = class java.util.Locale@62594b0d
      PRC = class java.util.Locale@62594b0d
      TAIWAN = class java.util.Locale@17f6bd2b
      UK = class java.util.Locale@59357367
      US = class java.util.Locale@79cd1b60
      CANADA = class java.util.Locale@6b47c704
      CANADA_FRENCH = class java.util.Locale@14c8ec29
      ROOT = class java.util.Locale@4d7f1b8c
      PRIVATE_USE_EXTENSION = x
      UNICODE_LOCALE_EXTENSION = u
      serialVersionUID = 9149081749638150636
      DISPLAY_LANGUAGE = 0
      DISPLAY_COUNTRY = 1
      DISPLAY_VARIANT = 2
      DISPLAY_SCRIPT = 3
      baseLocale = class sun.util.locale.BaseLocale@7496e2fd
      localeExtensions = null
      hashCodeValue = 96636889
      defaultLocale = class java.util.Locale@79cd1b60
      defaultDisplayLocale = null
      defaultFormatLocale = class java.util.Locale@79cd1b60
      languageTag = "en-US"
      serialPersistentFields = class java.io.ObjectStreamField[6]
      isoLanguages = null
      isoCountries = null
      $assertionsDisabled = true
    treeLock = class java.lang.Object@26d97901
    parent = class com.ibm.ws.logging.internal.WsLogger@33c8f88c
      tc = class com.ibm.websphere.ras.TraceComponent@19815712
      ivCachedResourceBundleName = "com.ibm.ws.webcontainer.resources.Messages"
      ivCachedResourceBundle = class com.ibm.ws.webcontainer.resources.Messages@61b84f1
      ivComponent = null
      ivOrganization = null
      ivProduct = null
      ivMinimumLocalizationLevelIntValue = 625
      ivTC = class com.ibm.websphere.ras.TraceComponent@4f4a1892
      loggerRegistrationComponent = class java.lang.ThreadLocal@49161b35
      emptyHandlers = class java.util.logging.Handler[0]
      offValue = 2147483647
      SYSTEM_LOGGER_RB_NAME = "sun.util.logging.resources.logging"
      SYSTEM_BUNDLE = class java.util.logging.Logger$LoggerBundle@62096f55
      NO_RESOURCE_BUNDLE = class java.util.logging.Logger$LoggerBundle@471e6e70
      manager = class com.ibm.ws.kernel.boot.logging.WsLogManager@1d78466e
      name = "com.ibm.ws.webcontainer"
      handlers = class java.util.concurrent.CopyOnWriteArrayList@2850ca82
      loggerBundle = class java.util.logging.Logger$LoggerBundle@79304282
      useParentHandlers = true
      filter = null
      anonymous = false
      catalog = class com.ibm.ws.webcontainer.resources.Messages@61b84f1
      catalogName = "com.ibm.ws.webcontainer.resources.Messages"
      catalogLocale = class java.util.Locale@79cd1b60
      treeLock = class java.lang.Object@26d97901
      parent = class java.util.logging.Logger@aed68f7
      kids = class java.util.ArrayList@796b8a88
      levelObject = class java.util.logging.Level@5a3f8158
      levelValue = 800
      callersClassLoaderRef = class java.lang.ref.WeakReference@57415bfd
      isSystemLogger = false
      GLOBAL_LOGGER_NAME = "global"
      global = class java.util.logging.Logger@742f10e1
      $assertionsDisabled = true
    kids = null
    levelObject = class java.util.logging.Level@5a3f8158
      defaultBundle = "sun.util.logging.resources.logging"
      name = "INFO"
      value = 800
      resourceBundleName = "sun.util.logging.resources.logging"
      localizedLevelName = "INFO"
      cachedLocale = class java.util.Locale@79cd1b60
      OFF = class java.util.logging.Level@1787cd77
      SEVERE = class java.util.logging.Level@6a99bfd
      WARNING = class java.util.logging.Level@301c1dcc
      INFO = class java.util.logging.Level@5a3f8158
      CONFIG = class java.util.logging.Level@7d6b84a0
      FINE = class java.util.logging.Level@54ae120f
      FINER = class java.util.logging.Level@1e921d14
      FINEST = class java.util.logging.Level@4e309177
      ALL = class java.util.logging.Level@6f5f5295
      serialVersionUID = -8176160795706313070
    levelValue = 800
    callersClassLoaderRef = class java.lang.ref.WeakReference@4bb88764
      referent = class org.eclipse.osgi.internal.loader.EquinoxClassLoader@511cda51
      queue = class java.lang.ref.ReferenceQueue$Null@4220b258
      next = null
      discovered = null
      lock = class java.lang.ref.Reference$Lock@2bfcd1ae
      pending = null
    isSystemLogger = false
    GLOBAL_LOGGER_NAME = "global"
    global = class java.util.logging.Logger@742f10e1
      emptyHandlers = class java.util.logging.Handler[0]
      offValue = 2147483647
      SYSTEM_LOGGER_RB_NAME = "sun.util.logging.resources.logging"
      SYSTEM_BUNDLE = class java.util.logging.Logger$LoggerBundle@62096f55
      NO_RESOURCE_BUNDLE = class java.util.logging.Logger$LoggerBundle@471e6e70
      manager = class com.ibm.ws.kernel.boot.logging.WsLogManager@1d78466e
      name = "global"
      handlers = class java.util.concurrent.CopyOnWriteArrayList@1fb4c616
      loggerBundle = class java.util.logging.Logger$LoggerBundle@471e6e70
      useParentHandlers = true
      filter = null
      anonymous = false
      catalog = null
      catalogName = null
      catalogLocale = null
      treeLock = class java.lang.Object@26d97901
      parent = class java.util.logging.Logger@aed68f7
      kids = null
      levelObject = null
      levelValue = 800
      callersClassLoaderRef = null
      isSystemLogger = true
      GLOBAL_LOGGER_NAME = "global"
      global = class java.util.logging.Logger@742f10e1
      $assertionsDisabled = true
    $assertionsDisabled = true
  CLASS_NAME = "com.ibm.ws.webcontainer.servlet.ServletWrapper"
  nls = class com.ibm.ejs.ras.TraceNLS@661a2428
    resolver = class com.ibm.ws.logging.internal.TraceNLSResolver@5fee1154
      tc = class com.ibm.websphere.ras.TraceComponent@e73f9ac
      DEBUG_TRACE_NLS_PROPERTY = "com.ibm.ejs.ras.debugTraceNLSResolver"
      debugTraceNLSResolver = false
      makeNoise = false
      nullKey = "null"
      svNullBundleName = "Resource Bundle name is null, key = {0}"
      svBundleNotLoaded = "Unable to load ResourceBundle {0}"
      svNullKeyMessage = "Null key passed while using ResourceBundle {0}"
      svMalformedMessage = "No message text associated with key {0} in bundle {1}"
    finder = null
    ivBundleName = "com.ibm.ws.webcontainer.resources.Messages"
    caller = class java.lang.Class@44d3c8ab
      ANNOTATION = 8192
      ENUM = 16384
      SYNTHETIC = 4096
      cachedConstructor = null
      newInstanceCallerCache = null
      name = null
      allPermDomain = class java.security.ProtectionDomain@847640d
      useCaches = true
      reflectionData = class java.lang.ref.SoftReference@3f804766
      classRedefinedCount = 0
      genericInfo = null
      serialVersionUID = 3206093459760846163
      serialPersistentFields = class java.io.ObjectStreamField[0]
      reflectionFactory = class sun.reflect.ReflectionFactory@568a6464
      initted = true
      enumConstants = null
      enumConstantDirectory = null
      annotationData = class java.lang.Class$AnnotationData@2a87ddd9
      annotationType = null
      classValueMap = null
  servletConfig = class com.ibm.ws.webcontainer.servlet.ServletConfig@10693570
    logger = class com.ibm.ws.logging.internal.WsLogger@3cd62589
    CLASS_NAME = "com.ibm.ws.webcontainer.servlet.ServletConfig"
    nls = class com.ibm.ejs.ras.TraceNLS@1933ac71
      resolver = class com.ibm.ws.logging.internal.TraceNLSResolver@5fee1154
      finder = null
      ivBundleName = "com.ibm.ws.webcontainer.resources.Messages"
      caller = class java.lang.Class@134b9452
    liberty_nls = class com.ibm.ejs.ras.TraceNLS@73c79794
      resolver = class com.ibm.ws.logging.internal.TraceNLSResolver@5fee1154
      finder = null
      ivBundleName = "com.ibm.ws.webcontainer.resources.LShimMessages"
      caller = class java.lang.Class@134b9452
    enabled = true
    servletName = "anagram"
    className = null
    mappings = class java.util.ArrayList@5709050e
      serialVersionUID = 8683452581122892189
      DEFAULT_CAPACITY = 10
      EMPTY_ELEMENTDATA = class java.lang.Object[0]
      DEFAULTCAPACITY_EMPTY_ELEMENTDATA = class java.lang.Object[0]
      elementData = class java.lang.Object[10]
      size = 1
      MAX_ARRAY_SIZE = 2147483639
      modCount = 1
      MAX_ARRAY_SIZE = 2147483639
    startUpWeight = 1
    DEFAULT_STARTUP = -1
    isCachingEnabled = true
    isStatisticsEnabled = true
    isInternal = false
    metaData = class com.ibm.ws.webcontainer.osgi.metadata.WebComponentMetaDataImpl@182fe2b9
      j2eeName = class com.ibm.ws.container.service.metadata.internal.J2EENameImpl@7f24aacf
      webModuleMetaData = class com.ibm.ws.webcontainer.osgi.metadata.WebModuleMetaDataImpl@18120482
      mBeanServiceReg = null
      tc = class com.ibm.websphere.ras.TraceComponent@3c752a9
      NUM_STATIC_SLOTS = 4
      ID_UNINITIALIZED = -1
      id = 2
      metaDataInterface = class java.lang.Class@71c18871
      staticSlots = class java.lang.Object[4]
      dynamicSlots = null
    singleThreadModelServlet = false
    isJsp = false
    webAppConfig = class com.ibm.ws.webcontainer.osgi.webapp.WebAppConfiguration@2147331a
    servletWrapper = class com.ibm.ws.webcontainer.osgi.servlet.ServletWrapper@53405197
    servletClass = null
    servlet = null
    addedToLoadOnStartup = true
    previousWeight = null
    multipartConfig = null
    multipartConfigBaseLocation = null
    runAsRole = null
    servletSecurityElement = null
    declareRolesAnnotation = null
    logger = class com.ibm.ws.logging.internal.WsLogger@3cd62589
    CLASS_NAME = "com.ibm.ws.webcontainer.servlet.TargetConfig"
    initParams = null
    fileName = null
    displayName = null
    name = "anagram"
    description = null
    smallIcon = null
    largeIcon = null
    context = class com.ibm.ws.webcontainer31.facade.ServletContextFacade31@1466c1c9
    className = null
    asyncSupported = false
    _id = "ServletGeneratedId1"
    _attributes = null
    serialVersionUID = 7511545662945734886
    $$$tc$$$ = class com.ibm.websphere.ras.TraceComponent@7db58a4f
      strings[0] = "TraceComponent[com.ibm.ws.container.BaseConfiguration,class com.ibm.ws.container.BaseConfiguration,[],null,null]"
  context = class com.ibm.ws.webcontainer31.osgi.webapp.WebApp31@1348b01f
    tc = class com.ibm.websphere.ras.TraceComponent@25c5bbca
      strings[0] = "TraceComponent[com.ibm.ws.webcontainer31.osgi.webapp.WebApp31,class com.ibm.ws.webcontainer31.osgi.webapp.WebApp31,[webcontainer],com.ibm.ws.webcontainer31.resources.Messages,null]"
    CLASS_NAME = "com.ibm.ws.webcontainer31.osgi.webapp.WebApp31"
    servlet31NLS = class com.ibm.ejs.ras.TraceNLS@535a56ca
      resolver = class com.ibm.ws.logging.internal.TraceNLSResolver@5fee1154
      finder = null
      ivBundleName = "com.ibm.ws.webcontainer31.resources.Messages"
      caller = class java.lang.Class@57843fc9
    validListenerClasses = class java.lang.Class[7]
      Class[0] = class java.lang.Class@70683e46
      Class[1] = class java.lang.Class@6ca1c0f4
      Class[2] = class java.lang.Class@122cf6df
      Class[3] = class java.lang.Class@371a311d
      Class[4] = class java.lang.Class@7458af5e
      Class[5] = class java.lang.Class@608bb877
      Class[6] = class java.lang.Class@35343e7c
    wsocServHandler = class com.ibm.ws.wsoc.external.WsocHandlerImpl@342349e3
      tc = class com.ibm.websphere.ras.TraceComponent@1af4b572
      noMoreAddsCalled = false
      serialVersionUID = -2067291126638824067
    tc = class com.ibm.websphere.ras.TraceComponent@2ee6d2a7
      strings[0] = "TraceComponent[com.ibm.ws.webcontainer.osgi.webapp.WebApp,class com.ibm.ws.webcontainer.osgi.webapp.WebApp,[webcontainer],com.ibm.ws.webcontainer.resources.LShimMessages,null]"
    CLASS_NAME = "com.ibm.ws.webcontainer.osgi.webapp.WebApp"
    metaDataService = class com.ibm.ws.container.service.metadata.internal.MetaDataServiceImpl@40000b40
      applicationMetaDataManager = class com.ibm.ws.container.service.metadata.internal.ApplicationMetaDataManager@1909ea14
      moduleMetaDataManager = class com.ibm.ws.container.service.metadata.internal.ModuleMetaDataManager@40b971ae
      componentMetaDataManager = class com.ibm.ws.container.service.metadata.internal.ComponentMetaDataManager@66a5515
      methodMetaDataManager = class com.ibm.ws.container.service.metadata.internal.MethodMetaDataManager@131c0b1d
      appModuleNameToModuleContainer = class java.util.concurrent.ConcurrentHashMap@45931a20
      jeeNameToComponentMetaData = class java.util.concurrent.ConcurrentHashMap@4e2c373d
      deferredMetaDataFactories = class com.ibm.wsspi.kernel.service.utils.ConcurrentServiceReferenceSet@1a3a0110
      deferredMetaDataInitializers = class com.ibm.wsspi.kernel.service.utils.ConcurrentServiceReferenceMap@698db5a9
      serialVersionUID = -2494605732980966097
      $$$tc$$$ = class com.ibm.websphere.ras.TraceComponent@3cbd9d43
    namespacePopulated = false
    referenceContext = class com.ibm.ws.injectionengine.osgi.internal.OSGiReferenceContextImpl@420b406b
      scopeData = class com.ibm.ws.injectionengine.osgi.internal.OSGiInjectionScopeData@4de6a290
      serialVersionUID = 521511923892134915
      $$$tc$$$ = class com.ibm.websphere.ras.TraceComponent@455222fa
      CLASS_NAME = "com.ibm.ws.injectionengine.ReferenceContextImpl"
      tc = class com.ibm.websphere.ras.TraceComponent@21b5051b
      ivInjectionEngine = class com.ibm.ws.injectionengine.osgi.internal.OSGiInjectionEngineImpl@4e63a7b6
      ivProviders = class java.util.ArrayList@3429be78
      ivComponentJavaContext = null
      ivComponentNameSpace = null
      ivJavaColonCompEnvMap = class java.util.LinkedHashMap@51d67a90
      ivEjbContext10 = class java.util.Properties@35cd186
      ivResourceRefConfigList = class com.ibm.ws.resource.internal.ResourceRefConfigListImpl@5051984c
      isAlreadyProcessed = true
      ivProcessFailure = null
      ivInjectionTargetMap = class java.util.concurrent.ConcurrentHashMap@29f23640
      svInjTarMapCacheSize = 256
      ivDeclaredInjectionTargets = class java.util.HashMap@4b12cb14
      ivProcessedInjectionClasses = class java.util.HashSet@2e27e311
      svInjClassMapCacheSize = 512
      ivProcessedInjectionBindings = class java.util.ArrayList@72688d61
      ivAnyProcessDynamic = false
      ivCheckAppConfig = false
    j2eeNameFactory = class com.ibm.ws.container.service.metadata.internal.J2EENameFactoryImpl@f851f58
      serialVersionUID = 3486344295038028821
      $$$tc$$$ = class com.ibm.websphere.ras.TraceComponent@499e8dc8
    moduleLoader = class com.ibm.ws.classloading.internal.AppClassLoader@7805ff9f
      tc = class com.ibm.websphere.ras.TraceComponent@4378ec31
      PARENT_FIRST_SEARCH_ORDER = class java.util.Collections$UnmodifiableRandomAccessList@19b242e2
      CLASS_LOADING_TRACE_PREFIX = "com.ibm.ws.class.load."
      DEFAULT_PACKAGE = "default.package"
      perPackageClassLoadingTraceComponents = class java.util.concurrent.ConcurrentHashMap@42694598
      config = class com.ibm.ws.classloading.internal.ClassLoaderConfigurationImpl@522ecfd0
      privateLibraries = null
      delegateLoaders = class com.ibm.ws.classloading.internal.util.CompositeIterable@5d801a69
      nativeLibraryFiles = class java.util.ArrayList@56aee669
      transformers = class java.util.ArrayList@5e633ca1
      apiAccess = class com.ibm.ws.classloading.internal.GatewayClassLoader@76560848
      generator = class com.ibm.ws.classloading.internal.ClassGeneratorManager@7a9728f2
      protectionDomains = class java.util.concurrent.ConcurrentHashMap@2799369b
      parent = class com.ibm.ws.classloading.internal.GatewayClassLoader@76560848
      hook = null
      serialVersionUID = 7911131531697267209
      tc = class com.ibm.websphere.ras.TraceComponent@7436772a
      smartClassPath = class com.ibm.ws.classloading.internal.ContainerClassLoader$SmartClassPathImpl@6a511af
      nativeLibraryContainers = class java.util.ArrayList@4164a3ee
      redefiner = class com.ibm.ws.classloading.internal.util.ClassRedefiner@2f7c388
      jarProtocol = "wsjar:"
      mapCreationQueue = class java.util.concurrent.Executors$FinalizableDelegatedExecutorService@6cb400a3
      serialVersionUID = 4390450102868895350
      serialVersionUID = -7411549862368381758
      $$$tc$$$ = class com.ibm.websphere.ras.TraceComponent@32e43d76
      serialVersionUID = -4868702105808481416
      $$$tc$$$ = class com.ibm.websphere.ras.TraceComponent@675189dc
      serialVersionUID = 2596921220292114344
      $$$tc$$$ = class com.ibm.websphere.ras.TraceComponent@63f7cb91
      initialized = true
      pdcache = class java.util.HashMap@56873aa2
      debug = null
      parent = class com.ibm.ws.classloading.internal.GatewayClassLoader@76560848
      parallelLockMap = null
      package2certs = class java.util.Hashtable@6823155
      nocerts = class java.security.cert.Certificate[0]
      classes = class java.util.Vector@4f02c431
      defaultDomain = class java.security.ProtectionDomain@1b49527
      domains = class java.util.HashSet@6e89fd99
      packages = class java.util.HashMap@79167184
      scl = class sun.misc.Launcher$AppClassLoader@18b4aac2
      sclSet = true
      loadedLibraryNames = class java.util.Vector@20ec11db
      systemNativeLibraries = class java.util.Vector@5d4b54c
      nativeLibraries = class java.util.Vector@2410f55a
      nativeLibraryContext = class java.util.Stack@6e403a0d
      usr_paths = class java.lang.String[28]
      sys_paths = class java.lang.String[1]
      assertionLock = class com.ibm.ws.classloading.internal.AppClassLoader@7805ff9f
      defaultAssertionStatus = false
      packageAssertionStatus = null
      classAssertionStatus = null
    webAppConfig = class com.ibm.ws.webcontainer.osgi.webapp.WebAppConfiguration@2147331a
      webModuleMetaData = class com.ibm.ws.webcontainer.osgi.metadata.WebModuleMetaDataImpl@18120482
      webComponentMetaData = class com.ibm.ws.webcontainer.osgi.metadata.WebComponentMetaDataImpl@1afee09f
      dVirtualHost = class com.ibm.ws.webcontainer.osgi.DynamicVirtualHost@25f40fb4
      orderedLibPaths = class java.util.Collections$UnmodifiableRandomAccessList@2fdc4bee
      bundleHeaders = null
      cdiEnabled = true
      CLASS_NAME = "com.ibm.ws.webcontainer.webapp.WebAppConfiguration"
      logger = class com.ibm.ws.logging.internal.WsLogger@478fd76e
      tc = class com.ibm.websphere.ras.TraceComponent@936e407
      nls = class com.ibm.ejs.ras.TraceNLS@2af8ad3a
      version = 31
      contextRoot = "/anagram"
      isDefaultContextRootUsed = false
      sessionTimeout = 0
      moduleSessionTimeoutSet = false
      moduleSessionTrackingModeSet = false
      sessionCookieConfig = class com.ibm.ws.session.SessionCookieConfigImpl@26c4aec9
      hasProgrammaticCookieConfig = false
      sessionDefaultTrackingModeSet = class java.util.RegularEnumSet@4b535896
      sessionManagerConfig = class com.ibm.ws.session.SessionManagerConfig@295f426b
      displayName = "Anagram"
      description = null
      reloadInterval = 0
      distributable = false
      denyUncoveredHttpMethods = false
      reloadingEnabled = false
      serveServletsByClassnameEnabled = null
      defaultErrorPage = null
      additionalClassPath = null
      fileServingEnabled = null
      directoryBrowsingEnabled = null
      autoRequestEncoding = false
      autoResponseEncoding = false
      autoLoadFilters = false
      requestListeners = null
      requestAttributeListeners = null
      sessionListeners = null
      localeMap = null
      moduleName = "anagram"
      j2eeModuleName = "anagram.war"
      moduleId = null
      isSyncToThreadEnabled = false
      encodeDispatchedRequestURI = false
      isSystemApp = false
      ardEnabled = false
      ardDispatchType = null
      listeners = class java.util.ArrayList@4621ab07
      welcomeFileList = class java.util.ArrayList@4510e7ec
      servletMappings = class java.util.HashMap@14d69030
      lastIndexBeforeDeclaredFilters = 0
      filterMappings = class java.util.ArrayList@4749c4db
      servletInfo = class java.util.concurrent.ConcurrentHashMap@cfb36a6
      filterInfo = class java.util.HashMap@4e169f52
      mimeMappings = class java.util.HashMap@6ee1c1b0
      mimeFilters = null
      isMimeFilteringEnabled = false
      theWebGroup = null
      jspAttributes = class java.util.HashMap@6707bfab
      fileServingAttributes = class java.util.HashMap@329cebeb
      invokerAttributes = class java.util.HashMap@480a0ee5
      contextParams = class java.util.HashMap@2886aa15
      virtualHost = "default_host"
      exceptionErrorPages = class java.util.HashMap@72a6b249
      codeErrorPages = class java.util.HashMap@27b0dc45
      tagLibList = null
      precompileJsps = false
      webApp = class com.ibm.ws.webcontainer31.osgi.webapp.WebApp31@1348b01f
      virtualHostList = class java.util.Collections$EmptyList@3fd58370
      appStartupWeight = 0
      moduleStartupWeight = 0
      metaDataComplete = false
      classesToScan = class java.util.ArrayList@221e509d
      uriFilterMappingInfos = null
      servletFilterMappingInfos = null
      dynamicServletRegistrationMap = null
      applicationName = "anagram"
      libBinPathList = class java.util.ArrayList@65ed9a6d
      webXmlDefinedListeners = class java.util.HashSet@441e2061
      allRefs = class java.util.EnumMap@5743e591
      allRefBindings = class java.util.EnumMap@709dd5c
      envEntryValues = class java.util.HashMap@ebe1122
      resourceRefConfigList = null
      disallowAllFileServingProp = null
      disallowServeServletsByClassnameProp = null
      disableStaticMappingCache = false
      jspCachedLocations = class java.util.HashMap@3b1635bc
      primedSTSHeader = "NoValue"
      enablemultireadofpostdata = false
      requestEncoding = null
      responseEncoding = null
      NULLSERVLETNAME = "com.ibm.ws.webcontainer.NullServletName"
      _id = "WebAppGeneratedId1"
      _attributes = null
      serialVersionUID = 7511545662945734886
      $$$tc$$$ = class com.ibm.websphere.ras.TraceComponent@7db58a4f
    extensionProcessingDisabled = false
    managedObjectService = class com.ibm.ws.cdi.impl.managedobject.CDIManagedObjectService@f49f672
      cdiServiceRef = class com.ibm.wsspi.kernel.service.utils.AtomicServiceReference@63f507fa
      defaultMOSRef = class com.ibm.wsspi.kernel.service.utils.AtomicServiceReference@48e2317a
      cdiRuntime = null
      serialVersionUID = 6431825704414919683
      $$$tc$$$ = class com.ibm.websphere.ras.TraceComponent@7c55c41f
    GenPluginCfgMB = null
    internalServletMetaData = interface com.ibm.wsspi.webcontainer.metadata.WebComponentMetaData[2]
      WebComponentMetaData[0] = null
      WebComponentMetaData[1] = null
    loginProcessor = null
    logoutProcessor = null
    collabHelper = class com.ibm.ws.webcontainer.osgi.collaborator.CollaboratorHelperImpl@5a858003
    envObject = class com.ibm.ws.util.WSThreadLocal@46b926e0
      tc = class com.ibm.ejs.ras.TraceComponent@25fd5fe1
      count = 7
      index = 3
      SUSPECTED_MISUSAGE_THRESHOLD = 200
      threadLocalHashCode = 214619669
      nextHashCode = class java.util.concurrent.atomic.AtomicInteger@f9aba25
      HASH_INCREMENT = 1640531527
    orderedLibPaths = class java.util.Collections$UnmodifiableRandomAccessList@2fdc4bee
      serialVersionUID = -2542308836966382001
      serialVersionUID = -283967356065247728
      list = class java.util.ArrayList@45b71f59
      serialVersionUID = 1820017752578914078
      c = class java.util.ArrayList@45b71f59
    perm = class com.ibm.websphere.security.WebSphereRuntimePermission@42171cd3
      serialVersionUID = -3306242789188168337
      $$$tc$$$ = class com.ibm.websphere.ras.TraceComponent@50cb6c75
      serialVersionUID = 6279438298436773498
      wildcard = false
      path = "accessServletContext"
      exitVM = false
      serialVersionUID = -5636570222231596674
      name = "accessServletContext"
    WELCOME_FILE_LIST = "com.ibm.ws.webcontainer.config.WelcomeFileList"
    DIR_BROWSING_MAPPING = "__dirBrowsing__1584963856732"
    FILTER_PROXY_MAPPING = "/__filterProxy__1584963856732"
    logger = class com.ibm.ws.logging.internal.WsLogger@478fd76e
      tc = class com.ibm.websphere.ras.TraceComponent@19815712
      ivCachedResourceBundleName = null
      ivCachedResourceBundle = null
      ivComponent = null
      ivOrganization = null
      ivProduct = null
      ivMinimumLocalizationLevelIntValue = 625
      ivTC = class com.ibm.websphere.ras.TraceComponent@2c89f58d
      loggerRegistrationComponent = class java.lang.ThreadLocal@49161b35
      emptyHandlers = class java.util.logging.Handler[0]
      offValue = 2147483647
      SYSTEM_LOGGER_RB_NAME = "sun.util.logging.resources.logging"
      SYSTEM_BUNDLE = class java.util.logging.Logger$LoggerBundle@62096f55
      NO_RESOURCE_BUNDLE = class java.util.logging.Logger$LoggerBundle@471e6e70
      manager = class com.ibm.ws.kernel.boot.logging.WsLogManager@1d78466e
      name = "com.ibm.ws.webcontainer.webapp"
      handlers = class java.util.concurrent.CopyOnWriteArrayList@7a5e0014
      loggerBundle = class java.util.logging.Logger$LoggerBundle@36b1efa7
      useParentHandlers = true
      filter = null
      anonymous = false
      catalog = class com.ibm.ws.webcontainer.resources.Messages@61b84f1
      catalogName = "com.ibm.ws.webcontainer.resources.Messages"
      catalogLocale = class java.util.Locale@79cd1b60
      treeLock = class java.lang.Object@26d97901
      parent = class com.ibm.ws.logging.internal.WsLogger@33c8f88c
      kids = null
      levelObject = class java.util.logging.Level@5a3f8158
      levelValue = 800
      callersClassLoaderRef = class java.lang.ref.WeakReference@41426837
      isSystemLogger = false
      GLOBAL_LOGGER_NAME = "global"
      global = class java.util.logging.Logger@742f10e1
      $assertionsDisabled = true
    CLASS_NAME = "com.ibm.ws.webcontainer.webapp.WebApp"
    loader = class com.ibm.ws.classloading.internal.ThreadContextClassLoader@2689d724
      tc = class com.ibm.websphere.ras.TraceComponent@5f2e02e3
      bundle = class java.util.concurrent.atomic.AtomicReference@1723c645
      key = "WebModule:anagram#anagram.war"
      refCount = class java.util.concurrent.atomic.AtomicInteger@17e7fcf7
      appLoader = class com.ibm.ws.classloading.internal.AppClassLoader@7805ff9f
      clSvc = class com.ibm.ws.classloading.internal.ClassLoadingServiceImpl@6f29939
      serialVersionUID = 846416563800781557
      tc = class com.ibm.websphere.ras.TraceComponent@24406a50
      followOnClassLoaders = class java.util.ArrayList@51cb09b4
      serialVersionUID = 8829649920524275888
      serialVersionUID = -4868702105808481416
      $$$tc$$$ = class com.ibm.websphere.ras.TraceComponent@675189dc
      serialVersionUID = 2596921220292114344
      $$$tc$$$ = class com.ibm.websphere.ras.TraceComponent@63f7cb91
      initialized = true
      pdcache = class java.util.HashMap@79e3473e
      debug = null
      parent = class com.ibm.ws.classloading.internal.GatewayClassLoader@654faeed
      parallelLockMap = null
      package2certs = class java.util.Hashtable@6bca226a
      nocerts = class java.security.cert.Certificate[0]
      classes = class java.util.Vector@2cb65143
      defaultDomain = class java.security.ProtectionDomain@25397bc8
      domains = class java.util.HashSet@468012e6
      packages = class java.util.HashMap@7c63b12e
      scl = class sun.misc.Launcher$AppClassLoader@18b4aac2
      sclSet = true
      loadedLibraryNames = class java.util.Vector@20ec11db
      systemNativeLibraries = class java.util.Vector@5d4b54c
      nativeLibraries = class java.util.Vector@62c1cba8
      nativeLibraryContext = class java.util.Stack@6e403a0d
      usr_paths = class java.lang.String[28]
      sys_paths = class java.lang.String[1]
      assertionLock = class com.ibm.ws.classloading.internal.ThreadContextClassLoader@2689d724
      defaultAssertionStatus = false
      packageAssertionStatus = null
      classAssertionStatus = null
    facade = class com.ibm.ws.webcontainer31.facade.ServletContextFacade31@1466c1c9
    features = class java.util.ArrayList@480e6759
      serialVersionUID = 8683452581122892189
      DEFAULT_CAPACITY = 10
      EMPTY_ELEMENTDATA = class java.lang.Object[0]
      DEFAULTCAPACITY_EMPTY_ELEMENTDATA = class java.lang.Object[0]
      elementData = class java.lang.Object[0]
      size = 0
      MAX_ARRAY_SIZE = 2147483639
      modCount = 0
      MAX_ARRAY_SIZE = 2147483639
    applicationName = "anagram"
    config = class com.ibm.ws.webcontainer.osgi.webapp.WebAppConfiguration@2147331a
    securityEnabledForApp = null
    webExtensionProcessor = class com.ibm.ws.webcontainer.osgi.extension.WebExtensionProcessor@5c0c68d
      webApp = class com.ibm.ws.webcontainer31.osgi.webapp.WebApp31@1348b01f
      extensionContext = class com.ibm.ws.webcontainer31.osgi.webapp.WebApp31@1348b01f
    production = true
    isServlet23 = true
    contextPath = "/anagram"
    internalServletList = class [Ljava.lang.String;[2]
      String[][0] = class java.lang.String[2]
      String[][1] = class java.lang.String[2]
    BY_NAME_ONLY = "/_1584963856732_/"
    filterManager = null
    documentRoot = null
    SERVLET_API_VERSION = "Servlet 2.5"
    disableServletAuditLogging = -1
    serverInfo = "IBM WebSphere Liberty/19.0.0.5"
    sessionCtx = class com.ibm.ws.webcontainer31.session.impl.HttpSessionContext31Impl@46c62f42
      methodClassName = "HttpSessionContextImpl"
      _smc = class com.ibm.ws.session.SessionManagerConfig@295f426b
      sessionStoreService = null
      _sap = class com.ibm.ws.session.SessionApplicationParameters@a55ec17
      _coreHttpSessionManager = class com.ibm.ws.session.SessionManager@7e6d0bc9
      _coreHttpAppSessionManager = null
      _sam = class com.ibm.ws.webcontainer.session.impl.SessionAffinityManagerImpl@6e782ba2
      isSIPApplication = false
      sessionAttributeListener = false
      sessionListener = true
      mHttpSessionAttributeListeners = class java.util.ArrayList@48e179ec
      mHttpSessionListeners = class java.util.ArrayList@6d7111b3
      mHttpSessionIdListeners = class java.util.ArrayList@7b547c97
      mHttpSessionAttributeListenersJ2eeNames = class java.util.ArrayList@545e7d64
      mHttpSessionListenersJ2eeNames = class java.util.ArrayList@1733501a
      mHttpSessionIdListenersJ2eeNames = class java.util.ArrayList@72aa37c6
      mLocalHost = null
      _refCount = 1
      currentThreadSacHashtable = null
      methodClassName = "SessionContext"
      ANONYMOUS_USER = "anonymous"
      wasHttpSessionObserver = class com.ibm.ws.session.WasHttpSessionObserver@2a425dc0
      wasHttpSessionAttributeObserver = null
      _invalidator = class com.ibm.ws.session.SessionInvalidatorWithThreadPool@dd0a0b1
      _storer = class com.ibm.ws.session.EOSSessionStorer@6e8291
      wasHttpAppSessionObserver = null
      mHttpAppSessionListeners = null
      cmvcInfo = "CMVC Version 1.9 6/24/07 11:12:24"
      _loggedVersion = true
      CREATE_CORE_SESSION_MANAGER = 0
      GET_REQUESTED_SESSION_ID = 1
      GET_IHTTP_SESSION = 2
      SESSION_PRE_INVOKE = 3
      SESSION_POST_INVOKE = 4
      STOP = 5
      STOP_LISTENERS = 6
      IS_VALID = 7
      ENCODE_URL = 8
      SHOULD_ENCODE_URL = 9
      IS_PROTOCOL_SWITCH = 10
      GET_LOCAL_HOST = 11
      ADD_HTTP_SESSION_ATTRIBUTE_LISTENER = 12
      ADD_HTTP_SESSION_LISTENER = 13
      GET_SESSION_AFFINITY_CONTEXT = 14
      CHECK_SECURITY = 15
      INVALIDATE = 16
      CHECK_SESSSIONID_IS_RIGHT_LENGTH = 17
      LOCK_SESSION = 18
      UNLOCK_SESSION = 19
      ADD_HTTP_SESSION_ID_LISTENER = 20
      methodNames = class java.lang.String[21]
    eventSource = class com.ibm.ws.webcontainer.webapp.WebAppEventSource@4c8d5044
    nls = class com.ibm.ejs.ras.TraceNLS@7d49bc6c
      resolver = class com.ibm.ws.logging.internal.TraceNLSResolver@5fee1154
      finder = null
      ivBundleName = "com.ibm.ws.webcontainer.resources.Messages"
      caller = class java.lang.Class@529da4b6
    liberty_nls = class com.ibm.ejs.ras.TraceNLS@7e3ef9e6
      resolver = class com.ibm.ws.logging.internal.TraceNLSResolver@5fee1154
      finder = null
      ivBundleName = "com.ibm.ws.webcontainer.resources.LShimMessages"
      caller = class java.lang.Class@529da4b6
    error_nls = class com.ibm.ejs.ras.TraceNLS@5ccc15f0
      resolver = class com.ibm.ws.logging.internal.TraceNLSResolver@5fee1154
      finder = null
      ivBundleName = "com.ibm.ws.webcontainer.resources.ErrorPage"
      caller = class java.lang.Class@529da4b6
    sessionListeners = class java.util.ArrayList@2b078d14
      serialVersionUID = 8683452581122892189
      DEFAULT_CAPACITY = 10
      EMPTY_ELEMENTDATA = class java.lang.Object[0]
      DEFAULTCAPACITY_EMPTY_ELEMENTDATA = class java.lang.Object[0]
      elementData = class java.lang.Object[10]
      size = 3
      MAX_ARRAY_SIZE = 2147483639
      modCount = 4
      MAX_ARRAY_SIZE = 2147483639
    sessionIdListeners = class java.util.ArrayList@1b1deec4
      serialVersionUID = 8683452581122892189
      DEFAULT_CAPACITY = 10
      EMPTY_ELEMENTDATA = class java.lang.Object[0]
      DEFAULTCAPACITY_EMPTY_ELEMENTDATA = class java.lang.Object[0]
      elementData = class java.lang.Object[0]
      size = 0
      MAX_ARRAY_SIZE = 2147483639
      modCount = 0
      MAX_ARRAY_SIZE = 2147483639
    sessionAttrListeners = class java.util.ArrayList@1265d588
      serialVersionUID = 8683452581122892189
      DEFAULT_CAPACITY = 10
      EMPTY_ELEMENTDATA = class java.lang.Object[0]
      DEFAULTCAPACITY_EMPTY_ELEMENTDATA = class java.lang.Object[0]
      elementData = class java.lang.Object[0]
      size = 0
      MAX_ARRAY_SIZE = 2147483639
      modCount = 1
      MAX_ARRAY_SIZE = 2147483639
    addedSessionListeners = class java.util.ArrayList@2eba31a1
      serialVersionUID = 8683452581122892189
      DEFAULT_CAPACITY = 10
      EMPTY_ELEMENTDATA = class java.lang.Object[0]
      DEFAULTCAPACITY_EMPTY_ELEMENTDATA = class java.lang.Object[0]
      elementData = class java.lang.Object[0]
      size = 0
      MAX_ARRAY_SIZE = 2147483639
      modCount = 0
      MAX_ARRAY_SIZE = 2147483639
    addedSessionAttrListeners = class java.util.ArrayList@3942764f
      serialVersionUID = 8683452581122892189
      DEFAULT_CAPACITY = 10
      EMPTY_ELEMENTDATA = class java.lang.Object[0]
      DEFAULTCAPACITY_EMPTY_ELEMENTDATA = class java.lang.Object[0]
      elementData = class java.lang.Object[0]
      size = 0
      MAX_ARRAY_SIZE = 2147483639
      modCount = 0
      MAX_ARRAY_SIZE = 2147483639
    servletContextListeners = class java.util.ArrayList@4dddc46d
      serialVersionUID = 8683452581122892189
      DEFAULT_CAPACITY = 10
      EMPTY_ELEMENTDATA = class java.lang.Object[0]
      DEFAULTCAPACITY_EMPTY_ELEMENTDATA = class java.lang.Object[0]
      elementData = class java.lang.Object[10]
      size = 5
      MAX_ARRAY_SIZE = 2147483639
      modCount = 6
      MAX_ARRAY_SIZE = 2147483639
    servletContextLAttrListeners = class java.util.ArrayList@71a891cb
      serialVersionUID = 8683452581122892189
      DEFAULT_CAPACITY = 10
      EMPTY_ELEMENTDATA = class java.lang.Object[0]
      DEFAULTCAPACITY_EMPTY_ELEMENTDATA = class java.lang.Object[0]
      elementData = class java.lang.Object[0]
      size = 0
      MAX_ARRAY_SIZE = 2147483639
      modCount = 1
      MAX_ARRAY_SIZE = 2147483639
    servletRequestListeners = class java.util.ArrayList@e608166
      serialVersionUID = 8683452581122892189
      DEFAULT_CAPACITY = 10
      EMPTY_ELEMENTDATA = class java.lang.Object[0]
      DEFAULTCAPACITY_EMPTY_ELEMENTDATA = class java.lang.Object[0]
      elementData = class java.lang.Object[10]
      size = 2
      MAX_ARRAY_SIZE = 2147483639
      modCount = 3
      MAX_ARRAY_SIZE = 2147483639
    servletRequestLAttrListeners = class java.util.ArrayList@243a7eeb
      serialVersionUID = 8683452581122892189
      DEFAULT_CAPACITY = 10
      EMPTY_ELEMENTDATA = class java.lang.Object[0]
      DEFAULTCAPACITY_EMPTY_ELEMENTDATA = class java.lang.Object[0]
      elementData = class java.lang.Object[0]
      size = 0
      MAX_ARRAY_SIZE = 2147483639
      modCount = 1
      MAX_ARRAY_SIZE = 2147483639
    prependSlashToResource = false
    destroyed = false
    webAppNameSpaceCollab = class com.ibm.ws.webcontainer.osgi.collaborator.WebAppNameSpaceCollaboratorImpl@2f6de049
    txCollab = class com.ibm.ws.transaction.services.WebAppTransactionCollaboratorImpl@9c49a90
    sessionActivationListeners = class java.util.ArrayList@76738ad
      serialVersionUID = 8683452581122892189
      DEFAULT_CAPACITY = 10
      EMPTY_ELEMENTDATA = class java.lang.Object[0]
      DEFAULTCAPACITY_EMPTY_ELEMENTDATA = class java.lang.Object[0]
      elementData = class java.lang.Object[0]
      size = 0
      MAX_ARRAY_SIZE = 2147483639
      modCount = 1
      MAX_ARRAY_SIZE = 2147483639
    sessionBindingListeners = class java.util.ArrayList@32f4d743
      serialVersionUID = 8683452581122892189
      DEFAULT_CAPACITY = 10
      EMPTY_ELEMENTDATA = class java.lang.Object[0]
      DEFAULTCAPACITY_EMPTY_ELEMENTDATA = class java.lang.Object[0]
      elementData = class java.lang.Object[0]
      size = 0
      MAX_ARRAY_SIZE = 2147483639
      modCount = 1
      MAX_ARRAY_SIZE = 2147483639
    scratchdir = null
    jspClassLoaderLimit = 0
    jspClassLoaderExclusionList = null
    jspClassLoadersMap = null
    jspClassLoaderLimitTrackIF = false
    defaultExtProc = null
    directoryBrowsingServlet = null
    cdiContexts = class java.util.concurrent.ConcurrentHashMap@38951bca
      serialVersionUID = 7249069246763182397
      MAXIMUM_CAPACITY = 1073741824
      DEFAULT_CAPACITY = 16
      MAX_ARRAY_SIZE = 2147483639
      DEFAULT_CONCURRENCY_LEVEL = 16
      LOAD_FACTOR = 0.75
      TREEIFY_THRESHOLD = 8
      UNTREEIFY_THRESHOLD = 6
      MIN_TREEIFY_CAPACITY = 64
      MIN_TRANSFER_STRIDE = 16
      RESIZE_STAMP_BITS = 16
      MAX_RESIZERS = 65535
      RESIZE_STAMP_SHIFT = 16
      MOVED = -1
      TREEBIN = -2
      RESERVED = -3
      HASH_BITS = 2147483647
      NCPU = 8
      serialPersistentFields = class java.io.ObjectStreamField[3]
      table = null
      nextTable = null
      baseCount = 0
      sizeCtl = 0
      transferIndex = 0
      cellsBusy = 0
      counterCells = null
      keySet = null
      values = null
      entrySet = null
      U = class sun.misc.Unsafe@384f12ca
      SIZECTL = 20
      TRANSFERINDEX = 32
      BASECOUNT = 24
      CELLSBUSY = 36
      CELLVALUE = 144
      ABASE = 16
      ASHIFT = 2
      keySet = null
      values = null
    moduleConfig = class com.ibm.ws.webcontainer.osgi.container.DeployedModule@4f2fe715
      tc = class com.ibm.websphere.ras.TraceComponent@41a9c467
      loader = class com.ibm.ws.classloading.internal.ThreadContextClassLoader@2689d724
      webApp = class com.ibm.ws.webcontainer31.osgi.webapp.WebApp31@1348b01f
      webAppConfig = class com.ibm.ws.webcontainer.osgi.webapp.WebAppConfiguration@2147331a
      contextRootAdded = null
      properContextRoot = "/anagram"
      mappingContextRoot = "/anagram/*"
      serialVersionUID = -2104814060051592457
      $$$tc$$$ = class com.ibm.websphere.ras.TraceComponent@2341c12f
    extensionFactories = class java.util.ArrayList@71b30c0d
      serialVersionUID = 8683452581122892189
      DEFAULT_CAPACITY = 10
      EMPTY_ELEMENTDATA = class java.lang.Object[0]
      DEFAULTCAPACITY_EMPTY_ELEMENTDATA = class java.lang.Object[0]
      elementData = class java.lang.Object[10]
      size = 4
      MAX_ARRAY_SIZE = 2147483639
      modCount = 9
      MAX_ARRAY_SIZE = 2147483639
    initialized = false
    lock = class com.ibm.ws.webcontainer.webapp.WebApp$1@65e993b7
      this$0 = class com.ibm.ws.webcontainer31.osgi.webapp.WebApp31@1348b01f
    afterServletContextCreated = false
    redirectContextRoot = false
    errorExceptionTypeFirst = false
    initFilterBeforeServletInit = false
    SET_400_SC_ON_TOO_MANY_PARENT_DIRS = false
    sortedServletConfigs = class java.util.ArrayList@75b28f8b
      serialVersionUID = 8683452581122892189
      DEFAULT_CAPACITY = 10
      EMPTY_ELEMENTDATA = class java.lang.Object[0]
      DEFAULTCAPACITY_EMPTY_ELEMENTDATA = class java.lang.Object[0]
      elementData = class java.lang.Object[10]
      size = 1
      MAX_ARRAY_SIZE = 2147483639
      modCount = 1
      MAX_ARRAY_SIZE = 2147483639
    effectiveMajorVersion = 3
    effectiveMinorVersion = 1
    canAddServletContextListener = true
    withinContextInitOfProgAddListener = false
    lastProgAddListenerInitialized = "com.ibm.ws.cache.CacheServiceImpl"
    webInfLibClassloader = null
    metaInfCache = class com.ibm.ws.webcontainer.webapp.WebApp$2@4515c967
      this$0 = class com.ibm.ws.webcontainer31.osgi.webapp.WebApp31@1348b01f
      serialVersionUID = 3801124242820219131
      head = null
      tail = null
      accessOrder = true
      serialVersionUID = 362498820763181265
      DEFAULT_INITIAL_CAPACITY = 16
      MAXIMUM_CAPACITY = 1073741824
      DEFAULT_LOAD_FACTOR = 0.75
      TREEIFY_THRESHOLD = 8
      UNTREEIFY_THRESHOLD = 6
      MIN_TREEIFY_CAPACITY = 64
      table = null
      entrySet = null
      size = 0
      modCount = 0
      threshold = 32
      loadFactor = 1.0
      keySet = null
      values = null
    useMetaInfCache = true
    SUN_CONFIGURE_LISTENER_CLASSNAME = "com.sun.faces.config.ConfigureListener"
    MYFACES_LIFECYCLE_LISTENER_CLASSNAME = "org.apache.myfaces.webapp.StartupServletContextListener"
    JSF_IMPL_ENABLED_PARAM = "com.ibm.ws.jsf.JSF_IMPL_ENABLED"
    JSF_IMPL_ENABLED_CUSTOM = "Custom"
    JSF_IMPL_ENABLED_NONE = "None"
    staticDocRoot = class com.ibm.ws.webcontainer.util.DocumentRootUtils@2caf76ac
      logger = class com.ibm.ws.logging.internal.WsLogger@7a15e456
      CLASS_NAME = "com.ibm.ws.webcontainer.util.DocumentRootUtils"
      useContentLength = false
      matchedFile = null
      matchedZipFile = null
      matchedEntry = null
      matchedURL = null
      edrRoot = null
      pfedrRoot = null
      ctxt = class com.ibm.ws.webcontainer31.osgi.webapp.WebApp31@1348b01f
      baseDir = null
      edr = null
      pfedr = null
      metaInfRes = null
      searchpfEDR = false
      searchEDR = false
      searchMetaInfRes = true
      matchFromEDR = false
      matchFromMetaInfRes = false
      matchIsADirectory = false
      appConfig = class com.ibm.ws.webcontainer.osgi.webapp.WebAppConfiguration@2147331a
      attributeType = "staticFile"
      STATIC_FILE = "staticFile"
      JSP = "jsp"
      PFEDR = "preFragmentExtendedDocumentRoot"
      EDR = "extendedDocumentRoot"
    jspDocRoot = class com.ibm.ws.webcontainer.util.DocumentRootUtils@5722ca5
      logger = class com.ibm.ws.logging.internal.WsLogger@7a15e456
      CLASS_NAME = "com.ibm.ws.webcontainer.util.DocumentRootUtils"
      useContentLength = false
      matchedFile = null
      matchedZipFile = null
      matchedEntry = null
      matchedURL = null
      edrRoot = null
      pfedrRoot = null
      ctxt = class com.ibm.ws.webcontainer31.osgi.webapp.WebApp31@1348b01f
      baseDir = null
      edr = null
      pfedr = null
      metaInfRes = null
      searchpfEDR = false
      searchEDR = false
      searchMetaInfRes = true
      matchFromEDR = false
      matchFromMetaInfRes = false
      matchIsADirectory = false
      appConfig = class com.ibm.ws.webcontainer.osgi.webapp.WebAppConfiguration@2147331a
      attributeType = "jsp"
      STATIC_FILE = "staticFile"
      JSP = "jsp"
      PFEDR = "preFragmentExtendedDocumentRoot"
      EDR = "extendedDocumentRoot"
    container = class com.ibm.ws.adaptable.module.internal.AdaptableContainerImpl@60096f22
      root = class com.ibm.ws.adaptable.module.internal.AdaptableContainerImpl@60096f22
      rootOverlay = class com.ibm.ws.artifact.overlay.internal.DirectoryBasedOverlayContainerImpl@5001d429
      factoryHolder = class com.ibm.ws.adaptable.module.internal.AdaptableModuleFactoryImpl@64595f89
      delegate = class com.ibm.ws.artifact.overlay.internal.DirectoryBasedOverlayContainerImpl@5001d429
      notifier = class com.ibm.ws.adaptable.module.internal.NotifierImpl@536b5afd
      serialVersionUID = -5621513278641113667
      $$$tc$$$ = class com.ibm.websphere.ras.TraceComponent@176f9918
    metaInfResourceFinder = class com.ibm.ws.webcontainer.util.MetaInfResourceFinder@64dd2557
      jarResourceContainers = class java.util.ArrayList@679ef8a2
      container = class com.ibm.ws.adaptable.module.internal.AdaptableContainerImpl@60096f22
    postConstructMethods = class com.ibm.ws.webcontainer.webapp.WebApp$AnnotatedMethods@f68965a
      annotationClass = class java.lang.Class@366805f1
      noOpClassNames = class java.util.HashSet@6db4e56f
      annotatedMethodNames = class java.util.concurrent.ConcurrentHashMap@630361d9
      EMPTY_METHODS = class java.lang.reflect.Method[0]
    preDestroyMethods = class com.ibm.ws.webcontainer.webapp.WebApp$AnnotatedMethods@58259b0d
      annotationClass = class java.lang.Class@1a7eefc0
      noOpClassNames = class java.util.HashSet@7244aa6d
      annotatedMethodNames = class java.util.concurrent.ConcurrentHashMap@ae554c1
      EMPTY_METHODS = class java.lang.reflect.Method[0]
    OBJ_EMPTY = class java.lang.Object[0]
    CLASS_EMPTY = class java.lang.Class[0]
    DEFAULT_JSP_EXTENSIONS = class java.util.ArrayList@4c2683a8
      serialVersionUID = 8683452581122892189
      DEFAULT_CAPACITY = 10
      EMPTY_ELEMENTDATA = class java.lang.Object[0]
      DEFAULTCAPACITY_EMPTY_ELEMENTDATA = class java.lang.Object[0]
      elementData = class java.lang.Object[10]
      size = 4
      MAX_ARRAY_SIZE = 2147483639
      modCount = 4
      MAX_ARRAY_SIZE = 2147483639
    DEFER_SERVLET_REQUEST_LISTENER_DESTROY_ON_ERROR = false
    DO_ACCEPT_PARTIAL = true
    DO_NOT_ACCEPT_PARTIAL = false
    DO_ACCEPT_EXCLUDED = true
    DO_NOT_ACCEPT_EXCLUDED = false
    commands = class java.util.ArrayList@a4d74c1
      serialVersionUID = 8683452581122892189
      DEFAULT_CAPACITY = 10
      EMPTY_ELEMENTDATA = class java.lang.Object[0]
      DEFAULTCAPACITY_EMPTY_ELEMENTDATA = class java.lang.Object[0]
      elementData = class java.lang.Object[3]
      size = 0
      MAX_ARRAY_SIZE = 2147483639
      modCount = 0
      MAX_ARRAY_SIZE = 2147483639
    requestMapper = class com.ibm.wsspi.webcontainer.util.URIMapper@7ec47b76
      matcher = class com.ibm.wsspi.webcontainer.util.URIMatcher@1648c4cc
    parent = class com.ibm.ws.webcontainer.osgi.webapp.WebGroup@6878cc5
      tc = class com.ibm.websphere.ras.TraceComponent@5d7fb02d
      logger = class com.ibm.ws.logging.internal.WsLogger@478fd76e
      CLASS_NAME = "com.ibm.ws.webcontainer.webapp.WebGroup"
      sessUrlRewritePrefix = ";jsessionid="
      qMark = "?"
      config = class com.ibm.ws.webcontainer.osgi.webapp.WebGroupConfiguration@51501c26
      webApp = class com.ibm.ws.webcontainer31.osgi.webapp.WebApp31@1348b01f
      commands = class java.util.ArrayList@5574cb58
      requestMapper = null
      parent = class com.ibm.ws.webcontainer.osgi.DynamicVirtualHost@25f40fb4
      name = "/anagram/*"
      isAlive = true
      subElements = class java.util.HashMap@7640a6a4
      attributes = null
      config = null
      serialVersionUID = -8271459000149267764
      $$$tc$$$ = class com.ibm.websphere.ras.TraceComponent@3b9c89a4
    name = "anagram"
    isAlive = true
    subElements = null
    attributes = class java.util.concurrent.ConcurrentHashMap@41700481
      serialVersionUID = 7249069246763182397
      MAXIMUM_CAPACITY = 1073741824
      DEFAULT_CAPACITY = 16
      MAX_ARRAY_SIZE = 2147483639
      DEFAULT_CONCURRENCY_LEVEL = 16
      LOAD_FACTOR = 0.75
      TREEIFY_THRESHOLD = 8
      UNTREEIFY_THRESHOLD = 6
      MIN_TREEIFY_CAPACITY = 64
      MIN_TRANSFER_STRIDE = 16
      RESIZE_STAMP_BITS = 16
      MAX_RESIZERS = 65535
      RESIZE_STAMP_SHIFT = 16
      MOVED = -1
      TREEBIN = -2
      RESERVED = -3
      HASH_BITS = 2147483647
      NCPU = 8
      serialPersistentFields = class java.io.ObjectStreamField[3]
      table = class java.util.concurrent.ConcurrentHashMap$Node[32]
      nextTable = null
      baseCount = 20
      sizeCtl = 24
      transferIndex = 0
      cellsBusy = 0
      counterCells = null
      keySet = null
      values = null
      entrySet = null
      U = class sun.misc.Unsafe@384f12ca
      SIZECTL = 20
      TRANSFERINDEX = 32
      BASECOUNT = 24
      CELLSBUSY = 36
      CELLVALUE = 144
      ABASE = 16
      ASHIFT = 2
      keySet = null
      values = null
    config = null
    serialVersionUID = -8271459000149267764
    $$$tc$$$ = class com.ibm.websphere.ras.TraceComponent@3b9c89a4
      strings[0] = "TraceComponent[com.ibm.ws.container.AbstractContainer,class com.ibm.ws.container.AbstractContainer,[],null,null]"
  target = null
  cacheWrappers = null
  targetLoader = null
  evtSource = class com.ibm.ws.webcontainer.webapp.WebAppEventSource@4c8d5044
    _invocationListeners = class com.ibm.ws.webcontainer.util.EventListeners@11935bd0
      EMPTY_LISTENERS = interface java.util.EventListener[0]
      logger = class com.ibm.ws.logging.internal.WsLogger@7a15e456
      CLASS_NAME = "com.ibm.ws.webcontainer.util.EventListeners"
      listeners = interface java.util.EventListener[0]
    _servletListeners = class com.ibm.ws.webcontainer.util.EventListeners@4552ad51
      EMPTY_LISTENERS = interface java.util.EventListener[0]
      logger = class com.ibm.ws.logging.internal.WsLogger@7a15e456
      CLASS_NAME = "com.ibm.ws.webcontainer.util.EventListeners"
      listeners = interface java.util.EventListener[0]
    _errorListeners = class com.ibm.ws.webcontainer.util.EventListeners@73aa6030
      EMPTY_LISTENERS = interface java.util.EventListener[0]
      logger = class com.ibm.ws.logging.internal.WsLogger@7a15e456
      CLASS_NAME = "com.ibm.ws.webcontainer.util.EventListeners"
      listeners = interface java.util.EventListener[0]
    _applicationListeners = class com.ibm.ws.webcontainer.util.EventListeners@2afec546
      EMPTY_LISTENERS = interface java.util.EventListener[0]
      logger = class com.ibm.ws.logging.internal.WsLogger@7a15e456
      CLASS_NAME = "com.ibm.ws.webcontainer.util.EventListeners"
      listeners = interface java.util.EventListener[0]
    _filterInvocationListeners = class com.ibm.ws.webcontainer.util.EventListeners@21385612
      EMPTY_LISTENERS = interface java.util.EventListener[0]
      logger = class com.ibm.ws.logging.internal.WsLogger@7a15e456
      CLASS_NAME = "com.ibm.ws.webcontainer.util.EventListeners"
      listeners = interface java.util.EventListener[0]
    _filterListeners = class com.ibm.ws.webcontainer.util.EventListeners@71d05f41
      EMPTY_LISTENERS = interface java.util.EventListener[0]
      logger = class com.ibm.ws.logging.internal.WsLogger@7a15e456
      CLASS_NAME = "com.ibm.ws.webcontainer.util.EventListeners"
      listeners = interface java.util.EventListener[0]
    _filterErrorListeners = class com.ibm.ws.webcontainer.util.EventListeners@515b1aab
      EMPTY_LISTENERS = interface java.util.EventListener[0]
      logger = class com.ibm.ws.logging.internal.WsLogger@7a15e456
      CLASS_NAME = "com.ibm.ws.webcontainer.util.EventListeners"
      listeners = interface java.util.EventListener[0]
  event = class com.ibm.websphere.servlet.event.ServletEvent@41fade31
    serialVersionUID = 3906650803920713522
    _servletName = "anagram"
    _servletClassName = null
    $$$tc$$$ = class com.ibm.websphere.ras.TraceComponent@873aac7
      strings[0] = "TraceComponent[com.ibm.websphere.servlet.event.ServletEvent,class com.ibm.websphere.servlet.event.ServletEvent,[],null,null]"
    serialVersionUID = 3546927969739289392
    _context = class com.ibm.ws.webcontainer31.facade.ServletContextFacade31@1466c1c9
      context = class com.ibm.ws.webcontainer31.osgi.webapp.WebApp31@1348b01f
    _servletNames = class com.ibm.ws.webcontainer.util.EmptyEnumeration@a8a0df
      serialVersionUID = 3546642126931963953
      _instance = class com.ibm.ws.webcontainer.util.EmptyEnumeration@a8a0df
    $$$tc$$$ = class com.ibm.websphere.ras.TraceComponent@443a1f90
      strings[0] = "TraceComponent[com.ibm.websphere.servlet.event.ApplicationEvent,class com.ibm.websphere.servlet.event.ApplicationEvent,[],null,null]"
    serialVersionUID = 5516075349620653480
    source = class com.ibm.ws.webcontainer.osgi.servlet.ServletWrapper@53405197
  unavailableMessage = null
  unavailableUntil = -1
  isSTM = false
  internalServlet = false
  webAppInvocationCollaborators = null
  platformHelper = class com.ibm.ws.webcontainer.PlatformHelper@76768942
  webAppNameSpaceCollab = class com.ibm.ws.webcontainer.osgi.collaborator.WebAppNameSpaceCollaboratorImpl@2f6de049
    cmdai = class com.ibm.ws.threadContext.ComponentMetaDataAccessorImpl@57f0469e
      tc = class com.ibm.websphere.ras.TraceComponent@7fde1ed5
      cmdai = class com.ibm.ws.threadContext.ComponentMetaDataAccessorImpl@57f0469e
      threadContext = class com.ibm.ws.threadContext.ThreadContextImpl@45b1c5da
      defaultCMD = null
  txCollab = class com.ibm.ws.transaction.services.WebAppTransactionCollaboratorImpl@9c49a90
    tc = class com.ibm.websphere.ras.TraceComponent@1c22919c
      strings[0] = "TraceComponent[com.ibm.ws.transaction.services.WebAppTransactionCollaboratorImpl,class com.ibm.ws.transaction.services.WebAppTransactionCollaboratorImpl,[transaction],com.ibm.ws.transaction.services.TransactionMessages,null]"
    ltCurrentRef = class com.ibm.wsspi.kernel.service.utils.AtomicServiceReference@7c1e0ba8
      referenceName = "ltCurrent"
      tuple = class java.util.concurrent.atomic.AtomicReference@15f81814
      serialVersionUID = 2226592364007985000
      $$$tc$$$ = class com.ibm.websphere.ras.TraceComponent@24b1c21
    tranMgrRef = class com.ibm.wsspi.kernel.service.utils.AtomicServiceReference@53d5c1ce
      referenceName = "tranMgr"
      tuple = class java.util.concurrent.atomic.AtomicReference@3d37e11b
      serialVersionUID = 2226592364007985000
      $$$tc$$$ = class com.ibm.websphere.ras.TraceComponent@24b1c21
    userTranRef = class com.ibm.wsspi.kernel.service.utils.AtomicServiceReference@447bc7dd
      referenceName = "userTran"
      tuple = class java.util.concurrent.atomic.AtomicReference@7864d369
      serialVersionUID = 2226592364007985000
      $$$tc$$$ = class com.ibm.websphere.ras.TraceComponent@24b1c21
    uowCallbackRef = class com.ibm.wsspi.kernel.service.utils.AtomicServiceReference@5f1555cb
      referenceName = "uowCallback"
      tuple = class java.util.concurrent.atomic.AtomicReference@37e2d6e7
      serialVersionUID = 2226592364007985000
      $$$tc$$$ = class com.ibm.websphere.ras.TraceComponent@24b1c21
    serialVersionUID = -8319003162899973281
  connCollab = class com.ibm.ws.webcontainer.collaborator.ConnectionCollaborator@1e58d6cf
  suppressServletExceptionLogging = false
  throwExceptionEnum = class java.util.RegularEnumSet@5c2670df
    serialVersionUID = 3411599620347842686
    elements = 256
    elementType = class java.lang.Class@3a8a0f79
      ANNOTATION = 8192
      ENUM = 16384
      SYNTHETIC = 4096
      cachedConstructor = null
      newInstanceCallerCache = null
      name = "com.ibm.wsspi.webcontainer.collaborator.CollaboratorInvocationEnum"
      allPermDomain = class java.security.ProtectionDomain@847640d
      useCaches = true
      reflectionData = class java.lang.ref.SoftReference@70ebbe3e
      classRedefinedCount = 0
      genericInfo = null
      serialVersionUID = 3206093459760846163
      serialPersistentFields = class java.io.ObjectStreamField[0]
      reflectionFactory = class sun.reflect.ReflectionFactory@568a6464
      initted = true
      enumConstants = class com.ibm.wsspi.webcontainer.collaborator.CollaboratorInvocationEnum[9]
      enumConstantDirectory = null
      annotationData = null
      annotationType = null
      classValueMap = null
    universe = class com.ibm.wsspi.webcontainer.collaborator.CollaboratorInvocationEnum[9]
      CollaboratorInvocationEnum[0] = class com.ibm.wsspi.webcontainer.collaborator.CollaboratorInvocationEnum@2c3eff57
      CollaboratorInvocationEnum[1] = class com.ibm.wsspi.webcontainer.collaborator.CollaboratorInvocationEnum@5e88e3dd
      CollaboratorInvocationEnum[2] = class com.ibm.wsspi.webcontainer.collaborator.CollaboratorInvocationEnum@59a5386f
      CollaboratorInvocationEnum[3] = class com.ibm.wsspi.webcontainer.collaborator.CollaboratorInvocationEnum@5b183579
      CollaboratorInvocationEnum[4] = class com.ibm.wsspi.webcontainer.collaborator.CollaboratorInvocationEnum@87ad0a
      CollaboratorInvocationEnum[5] = class com.ibm.wsspi.webcontainer.collaborator.CollaboratorInvocationEnum@198820cc
      CollaboratorInvocationEnum[6] = class com.ibm.wsspi.webcontainer.collaborator.CollaboratorInvocationEnum@699e05d2
      CollaboratorInvocationEnum[7] = class com.ibm.wsspi.webcontainer.collaborator.CollaboratorInvocationEnum@73374665
      CollaboratorInvocationEnum[8] = class com.ibm.wsspi.webcontainer.collaborator.CollaboratorInvocationEnum@4e655af4
    ZERO_LENGTH_ENUM_ARRAY = class java.lang.Enum[0]
    MAX_ARRAY_SIZE = 2147483639
  discernUnavailableServlet = false
  reInitServletonInitUnavailableException = true
  destroyServletonServiceUnavailableException = false
  servlet23 = true
  PARAMS_HEAD_TRACE = class java.lang.Class[2]
    Class[0] = class java.lang.Class@dddbd09
      ANNOTATION = 8192
      ENUM = 16384
      SYNTHETIC = 4096
      cachedConstructor = null
      newInstanceCallerCache = null
      name = "javax.servlet.http.HttpServletRequest"
      allPermDomain = class java.security.ProtectionDomain@847640d
      useCaches = true
      reflectionData = class java.lang.ref.SoftReference@213703b2
      classRedefinedCount = 0
      genericInfo = class sun.reflect.generics.repository.ClassRepository@5c273376
      serialVersionUID = 3206093459760846163
      serialPersistentFields = class java.io.ObjectStreamField[0]
      reflectionFactory = class sun.reflect.ReflectionFactory@568a6464
      initted = true
      enumConstants = null
      enumConstantDirectory = null
      annotationData = null
      annotationType = null
      classValueMap = null
    Class[1] = class java.lang.Class@993d55c
      ANNOTATION = 8192
      ENUM = 16384
      SYNTHETIC = 4096
      cachedConstructor = null
      newInstanceCallerCache = null
      name = null
      allPermDomain = class java.security.ProtectionDomain@847640d
      useCaches = true
      reflectionData = null
      classRedefinedCount = 0
      genericInfo = null
      serialVersionUID = 3206093459760846163
      serialPersistentFields = class java.io.ObjectStreamField[0]
      reflectionFactory = class sun.reflect.ReflectionFactory@568a6464
      initted = true
      enumConstants = null
      enumConstantDirectory = null
      annotationData = null
      annotationType = null
      classValueMap = null
  defaultHeadMethodInUse = false
  defaultTraceMethodInUse = false
  checkedForDefaultMethods = null
  defaultTraceRequestBehavior = false
  defaultHeadRequestBehavior = false
  useOriginalRequestState = false
  warningStatusSet = false
  LSTRING_FILE = "javax.servlet.LocalStrings"
  lStrings = class java.util.PropertyResourceBundle@6982e3e6
    lookup = class java.util.HashMap@3d1e2ea6
      serialVersionUID = 362498820763181265
      DEFAULT_INITIAL_CAPACITY = 16
      MAXIMUM_CAPACITY = 1073741824
      DEFAULT_LOAD_FACTOR = 0.75
      TREEIFY_THRESHOLD = 8
      UNTREEIFY_THRESHOLD = 6
      MIN_TREEIFY_CAPACITY = 64
      table = class java.util.HashMap$Node[8]
      entrySet = null
      size = 4
      modCount = 4
      threshold = 6
      loadFactor = 0.75
      keySet = null
      values = null
    INITIAL_CACHE_SIZE = 32
    NONEXISTENT_BUNDLE = class java.util.ResourceBundle$1@1ee6c3
      INITIAL_CACHE_SIZE = 32
      NONEXISTENT_BUNDLE = class java.util.ResourceBundle$1@1ee6c3
      cacheList = class java.util.concurrent.ConcurrentHashMap@280c4424
      referenceQueue = class java.lang.ref.ReferenceQueue@64ab349d
      parent = null
      locale = null
      name = null
      expired = false
      cacheKey = class java.util.ResourceBundle$CacheKey@76e1d43
      keySet = null
      providers = null
      $assertionsDisabled = true
    cacheList = class java.util.concurrent.ConcurrentHashMap@280c4424
      serialVersionUID = 7249069246763182397
      MAXIMUM_CAPACITY = 1073741824
      DEFAULT_CAPACITY = 16
      MAX_ARRAY_SIZE = 2147483639
      DEFAULT_CONCURRENCY_LEVEL = 16
      LOAD_FACTOR = 0.75
      TREEIFY_THRESHOLD = 8
      UNTREEIFY_THRESHOLD = 6
      MIN_TREEIFY_CAPACITY = 64
      MIN_TRANSFER_STRIDE = 16
      RESIZE_STAMP_BITS = 16
      MAX_RESIZERS = 65535
      RESIZE_STAMP_SHIFT = 16
      MOVED = -1
      TREEBIN = -2
      RESERVED = -3
      HASH_BITS = 2147483647
      NCPU = 8
      serialPersistentFields = class java.io.ObjectStreamField[3]
      table = class java.util.concurrent.ConcurrentHashMap$Node[256]
      nextTable = null
      baseCount = 115
      sizeCtl = 192
      transferIndex = 0
      cellsBusy = 0
      counterCells = null
      keySet = null
      values = null
      entrySet = null
      U = class sun.misc.Unsafe@384f12ca
      SIZECTL = 20
      TRANSFERINDEX = 32
      BASECOUNT = 24
      CELLSBUSY = 36
      CELLVALUE = 144
      ABASE = 16
      ASHIFT = 2
      keySet = null
      values = null
    referenceQueue = class java.lang.ref.ReferenceQueue@64ab349d
      NULL = class java.lang.ref.ReferenceQueue$Null@4220b258
      ENQUEUED = class java.lang.ref.ReferenceQueue$Null@8f5b8ee
      lock = class java.lang.ref.ReferenceQueue$Lock@70801d80
      head = null
      queueLength = 0
      $assertionsDisabled = true
    parent = null
    locale = class java.util.Locale@4d7f1b8c
      LOCALECACHE = class java.util.Locale$Cache@4a993f5e
      ENGLISH = class java.util.Locale@2b121de2
      FRENCH = class java.util.Locale@47620fa3
      GERMAN = class java.util.Locale@bbe945f
      ITALIAN = class java.util.Locale@85e29b9
      JAPANESE = class java.util.Locale@3318d85d
      KOREAN = class java.util.Locale@64d0c68a
      CHINESE = class java.util.Locale@1bb3ba23
      SIMPLIFIED_CHINESE = class java.util.Locale@62594b0d
      TRADITIONAL_CHINESE = class java.util.Locale@17f6bd2b
      FRANCE = class java.util.Locale@75f0ddc9
      GERMANY = class java.util.Locale@731413f6
      ITALY = class java.util.Locale@5b3d2fba
      JAPAN = class java.util.Locale@7900ce13
      KOREA = class java.util.Locale@aed5a6f
      CHINA = class java.util.Locale@62594b0d
      PRC = class java.util.Locale@62594b0d
      TAIWAN = class java.util.Locale@17f6bd2b
      UK = class java.util.Locale@59357367
      US = class java.util.Locale@79cd1b60
      CANADA = class java.util.Locale@6b47c704
      CANADA_FRENCH = class java.util.Locale@14c8ec29
      ROOT = class java.util.Locale@4d7f1b8c
      PRIVATE_USE_EXTENSION = x
      UNICODE_LOCALE_EXTENSION = u
      serialVersionUID = 9149081749638150636
      DISPLAY_LANGUAGE = 0
      DISPLAY_COUNTRY = 1
      DISPLAY_VARIANT = 2
      DISPLAY_SCRIPT = 3
      baseLocale = class sun.util.locale.BaseLocale@46ab5ee8
      localeExtensions = null
      hashCodeValue = 0
      defaultLocale = class java.util.Locale@79cd1b60
      defaultDisplayLocale = null
      defaultFormatLocale = class java.util.Locale@79cd1b60
      languageTag = null
      serialPersistentFields = class java.io.ObjectStreamField[6]
      isoLanguages = null
      isoCountries = null
      $assertionsDisabled = true
    name = "javax.servlet.LocalStrings"
    expired = false
    cacheKey = class java.util.ResourceBundle$CacheKey@3a20d41e
      name = "javax.servlet.LocalStrings"
      locale = class java.util.Locale@4d7f1b8c
      loaderRef = class java.util.ResourceBundle$LoaderReference@5288ed68
      format = "java.properties"
      loadTime = 0
      expirationTime = -2
      cause = null
      hashCodeCache = -612605236
    keySet = null
    providers = null
    $assertionsDisabled = true
  config = null

